1 319.85   319.85   0
2 225.232   308.022750   10.348843750
3 217.236   296.674406250   17.691433593750
4 189.226   283.243355468750   25.020744628906250
5 179.719   270.302811035156250   30.088534851074218750
6 189.12   260.154959655761718750   31.44577109527587890625
7 156.867   247.24396469879150390625   34.88144890880584716796
8 160.195   236.36284411144256591796   35.68206719553470611571
9 150.674   225.65173859751224517821   36.13376772134006023405
10 155.329   216.86139627282321453093   34.79187532510794699189
11 167.535   210.69559673872031271456   31.48898108617099933323
12 154.048   203.61464714638027362524   29.81256670792578370307
13 152.879   197.27269125308273942208   27.90863643757968020506
14 131.35   189.03235484644739699432   28.14177168399068477808
15 132.748   181.99681049064147237003   27.26243007432319762981
16 159.927   179.23808417931128832377   22.86070807815630926282
17 122.014   172.08507365689737728329   23.40441526572940410752
18 125.734   166.29118944978520512287   22.62296013052020372099
19 123.642   160.96004076856205448251   21.63197519396040960105
20 129.715   157.05441067249179767219   19.64140772953178190980
21 130.056   153.67960933843032296316   17.68400696445262680274
22 130.193   150.74378317112653259276   15.83185311973028667614
23 125.112   147.53981027473571601866   14.67736612413967950943
24 122.57   144.41858399039375151632   13.73909759190397857161
25 127.631   142.32013599159453257678   12.14046519287730050079
26 139.243   141.93549399264521600468   9.44191064373862737617
27 138.814   141.54530724356456400409   7.42284638824954103263
28 118.166   138.62289383811899350357   8.12424652095202996241
29 121.108   136.43353210835411931562   8.00887640425828738625
30 117.52   134.06934059480985440116   8.07532487754494733982
31 120.767   132.40654802045862260101   7.51143716071603832998
32 120.212   130.88222951790129477588   6.96735656027469059446
33 125.123   130.16232582816363292889   5.85543314872647206195
34 123.1   129.27953509964317881277   5.16401674900025139805
35 124.329   128.66071821218778146117   4.41447733827366123117
36 138.522   129.89337843566430877852   4.38943569924720732605
37 136.422   130.70945613120627018120   4.00614475803462172188
38 730.762   205.71602411480548640855   68.63535555417528049034
39 117.322   194.66677110045480060748   61.14461305318831044368
40 120.19   185.35717471289795053154   54.00435662900347664920
41 118.233   176.96665287378570671509   47.84497408097582082628
42 123.588   170.29432126456249337570   41.72202071880217729167
43 125.993   164.75665610649218170373   36.13697255241315568171
44 121.598   159.36182409318065899076   31.82320742595744913512
45 123.516   154.88109608153307661691   27.78804257965972142845
46 118.399   150.32083407134144203979   24.83126119366247132630
47 124.961   147.15085481242376178481   21.39717774679982371782
48 126.162   144.52724796087079156170   18.34353930520871673357
49 121.917   141.70096696576194261648   16.23065034962678037723
50 118.22   138.76584609504169978942   14.74121852410029775659
51 119.084   136.30561533316148731574   13.20861580972040923190
52 122.734   134.60916341651630140127   11.39085728435484459907
53 130.616   134.11001798945176372611   8.97989521194760391506
54 125.114   132.98551574077029326034   7.71886087655698959383
55 121.336   131.52932627317400660279   7.06331144156449302071
56 117.358   129.75791048902725577744   6.84747239230177673771
57 114.755   127.88254667789884880526   6.77654762896368865393
58 118.787   126.74560334316149270460   6.07723613961795307851
59 117.281   125.56252792526630611652   5.59311809537175307344
60 120.326   124.90796193460801785195   4.76758381335481703657
61 137.453   126.47609169278201562045   4.94780139841836082486
62 126.277   126.45120523118426366789   3.73262670271180357712
63 117.771   125.36617957728623070940   3.74886747419463152151
64 116.474   124.25465713012545187072   3.78423274691165512497
65 115.773   123.19444998885977038688   3.76585580879121264208
66 116.935   122.41201874025229908852   3.50901919912494686762
67 124.033   122.61464139772076170245   2.80905922462861493790
68 121.448   122.46881122300566648964   2.23439582134716951462
69 117.344   121.82820982012995817843   2.23632309352662190826
70 120.038   121.60443359261371340612   1.87304651922168060695
71 138.498   123.71612939353699923035   3.25251871522413555141
72 165.709   128.96523821934487432655   7.03235925899999237273
73 130.715   129.18395844192676503573   5.46564963900914865007
74 127.338   128.95321363668591940626   4.30113893384260141333
75 125.781   128.55668693210017948047   3.57281506689447349504
76 145.79   130.71085106558765704541   4.56450491697239799060
77 133.993   131.12111968238919991473   3.78236372743064850360
78 130.374   131.02772972209054992538   2.91848901083430511837
79 118.519   129.46413850682923118470   3.55700907147938273685
80 117.731   127.99749619347557728661   3.95106882779398421345
81 123.79   127.47155916929113012578   3.42349651700687942580
82 124.744   127.13061427312973886005   2.86594917189637692685
83 133.22   127.89178748898852150254   2.81548844279871750731
84 116.595   126.47968905286495631472   3.34720246370715766982
85 116.203   125.19510292125683677538   3.63441471293747284928
86 121.665   124.75384005609973217845   3.11191604171557115926
87 139.323   126.57498504908726565614   3.92743890015077016242
88 756.844   205.35861191795135744912   71.88125268536915794067
89 117.746   194.40703542820743776798   63.49356894255279817649
90 127.084   185.99165599968150804698   54.98363370687478713823
91 120.054   177.74944899972131954110   48.44965640512125529630
92 115.953   170.02489287475615459846   43.09622891318546079702
93 121.463   163.95465626541163527365   37.63362871806555000696
94 116.349   158.00394923223518086444   33.43209019257856011327
95 123.331   153.66983057820578325638   28.86642146670964299199
96 126.746   150.30435175593006034933   24.59461006952348978765
97 123.642   146.97155778643880280566   21.36215227544746769143
98 125.654   144.30686306313395245495   18.35322208947734482543
99 148.416   144.82050518024220839808   14.21435341957773256931
100 120.858   141.82519203271193234832   13.28166406877229097052
101 122.692   139.43354302862294080478   12.05394093015708582848
