1 36.9711   36.9711   0
2 36.2048   36.8753125   .0838140625
3 37.5312   36.9572984375   .1345982421875
4 36.0448   36.8432361328125   .2007531982421875
5 36.4032   36.7882316162109375   .1986938507080078125
6 37.3172   36.8543526641845703125   .20687630500793457030
7 37.016   36.87455858116149902343   .17283740611076354979
8 36.6665   36.84855125851631164550   .15238446189761161802
9 36.1445   36.76054485120177268981   .19129395282343029973
10 36.6373   36.74513924480155110358   .15695037021776661273
11 35.9089   36.64060933920135721563   .20917644506349461149
12 38.5196   36.87548317180118756367   .36239693732247251315
13 36.3392   36.80844777532603911821   .33045367490760927463
14 36.197   36.73201680341028422843   .31471735660699248452
15 36.2329   36.66962720298399869987   .29062891782824420087
16 36.2873   36.62183630261099886238   .25978872619755800844
17 37.289   36.70523176478462400458   .26781257405009050575
18 36.3911   36.66596529418654600400   .23521759231088612981
19 36.3343   36.62450713241322775350   .21268908578481806653
20 36.3653   36.59210624086157428431   .18786759444631033542
21 36.1414   36.53576796075387749877   .19019669092896743890
22 36.0544   36.47559696565964281142   .19529713890418093059
23 36.2777   36.45085984495218745999   .16811783479715913043
24 37.5064   36.58280236433316402749   .24153808055622384438
25 38.3583   36.80473956879151852405   .37534861431822806777
26 36.643   36.78452212269257870854   .29920172607524338938
27 36.0763   36.69599435735600636997   .30186308922593333827
28 36.3025   36.64680756268650557372   .26943576225526320041
29 36.3168   36.60555661735069237700   .23817139886028394742
30 36.3022   36.56763704018185582987   .21180817916794493929
31 38.7839   36.84466991015912385113   .40125989560606822306
32 41.0292   37.36773617138923336973   .75862790028089699607
33 36.2379   37.22650664996557919851   .69254675645637014686
34 38.6119   37.39968081871988179869   .67093746500229238530
35 36.3483   37.26825821637989657385   .61819787579920636070
36 36.4941   37.17148843933240950211   .54832196176595595828
37 36.4098   37.07627738441585831434   .49455114437644925800
38 36.9255   37.05743021136387602504   .38740463470282144663
39 36.6464   37.00605143494339152191   .33550990539504002520
40 35.9076   36.86874500557546758167   .37177555474321346660
41 36.2131   36.78678937987853413396   .35054283854222686669
42 36.3453   36.73160320739371736721   .31119502983088482091
43 36.4103   36.69144030646950269630   .26853881068185145271
44 35.7913   36.57892276816081485926   .29985695403149044693
45 36.8465   36.61236992214071300185   .25415897525602870995
46 43.7538   37.50504868187312387661   .97171314620788104788
47 37.1822   37.46469259663898339203   .76409643423578370991
48 36.3797   37.32906852205911046802   .69174339093422659093
49 38.9709   37.53429745680172165951   .69838286110045473575
50 36.8261   37.44577277470150645207   .60124624266302935831
51 36.5642   37.33557617786381814556   .54735670423024928692
52 36.5203   37.23366665563084087736   .49968836012654207486
53 36.3191   37.11934582367698576769   .47479699805452977710
54 36.1219   36.99466509571736254672   .46519338550556765116
55 36.2393   36.90024445875269222838   .43151309647326226691
56 36.2483   36.81875140140860569983   .39494124753102241265
57 36.1637   36.73686997623252998735   .36785218267733305789
58 36.511   36.70863622920346373893   .30059366565843276077
59 35.9485   36.61361920055303077156   .30858514931295341701
60 40.4448   37.09251680048390192511   .65047426192422732211
61 35.728   36.92195220042341418447   .63709972149609726463
62 43.1322   37.69823317537048741141   1.15707064420076202204
63 35.4073   37.41186652844917648498   1.11837379920671857715
64 36.1918   37.25935821239302942435   .97222512595416761090
65 35.0523   36.98347593584390074630   .97056583644611330145
66 37.8337   37.08975394386341315301   .82091763435165833195
67 36.2691   36.98717220088048650888   .70544725087380456257
68 36.048   36.86977567577042569527   .63180739762665663382
69 36.555   36.83042871629912248336   .50828413775738278578
70 35.951   36.72050012676173217294   .47740061916325361094
71 37.8304   36.85923761091651565132   .47944576300787575178
72 37.2051   36.90247040955195119490   .39741302106191291446
73 36.0866   36.80048660835795729553   .38729559184117934778
74 36.6862   36.78620078231321263358   .30297179167003609002
75 36.2018   36.71315068452406105438   .29114767931803469930
76 35.913   36.61313184895855342258   .30587724060834520229
77 37.3633   36.70690286783873424475   .31145757197641712111
78 36.2735   36.65272750935889246415   .28099661765217439884
79 36.2529   36.60274907068903090613   .25447859707525966239
80 36.1802   36.54993043685290204286   .23707525241305750214
81 36.2739   36.51542663224628928750   .20799726834057928753
82 36.1232   36.46639830321550312656   .19889773915737235646
83 36.1624   36.42839851531356523574   .18242311878222492180
84 36.2655   36.40803620089936958127   .15463436419908988900
85 37.4872   36.54293167578694838361   .23400931367594886879
86 37.04   36.60506521631357983565   .22987383321776417213
87 36.6825   36.61474456427438235619   .18087480437902533456
88 36.2646   36.57097649374008456166   .17395316500177957112
89 36.3406   36.54217943202257399145   .15566230275415642727
90 36.0507   36.48074450301975224251   .17050228994308635076
91 35.6138   36.37237644014228321219   .22269877247510016459
92 35.5098   36.26455438512449781066   .26136837749688734977
93 37.1447   36.37457258698393558432   .29229220974967356428
94 36.1938   36.35197601361094363628   .23899115901362312774
95 36.047   36.31385401190957568174   .21260012074891430601
96 37.5083   36.46315976042087872152   .29009262050907588931
97 36.1216   36.42046479036826888133   .25492756417784052714
98 36.2292   36.39655669157223527116   .21211525957990980424
99 35.0023   36.22227460512570586226   .31158327032564558596
100 36.2307   36.22332777948499262947   .23460898030861011078
101 36.3463   36.23869930704936855078   .18940682185028651423
