1 64.665   64.665   0
2 61.750   64.300625   .318828125
3 65.258   64.420296875   .343833984375
4 60.372   63.914259765625   .700657958984375
5 61.688   63.635977294921875   .768990631103515625
6 59.059   63.063855133056640625   1.07734986495971679687
7 59.222   62.58362324142456054687   1.22821530389785766600
8 76.633   64.33979533624649047851   2.45781206089258193968
9 60.858   63.90457091921567916869   2.22418041057139635084
10 59.249   63.32262455431371927260   2.17733837721776217220
11 60.419   62.95967148502450436352   1.95058771854138467459
12 74.435   64.39408754939644131808   2.71805484523148334118
13 60.155   63.86420160572188615332   2.50219133463884827504
14 59.756   63.35067640500665038415   2.32597805160496750429
15 59.573   62.87846685438081908613   2.15766689550132801397
16 59.742   62.48640849758321670036   1.96130123382389809801
17 64.215   62.70248243538531461281   1.66004062094475924689
18 60.168   62.38567213096215028620   1.52223948207883822093
19 62.512   62.40146311459188150042   1.15549672223514347813
20 57.461   61.78390522526789631286   1.40698569483484464769
21 57.341   61.22854207210940927375   1.54118203013980964497
22 58.242   60.85522431309573311453   1.48253956174182387303
23 54.539   60.06569627395876647521   1.80274170555121371417
24 56.777   59.65460923971392066580   1.71175743412765036884
25 54.697   59.03490808474968058257   1.82605658618944784945
26 55.425   58.58366957415597050974   1.76437613641158220079
27 57.333   58.42733587738647419602   1.46007408698199592509
28 57.647   58.32979389271316492151   1.18040480182564255899
29 57.083   58.17394465612401930632   1.02167168338473433253
30 56.511   57.96607657410851689303   .94813833430211536101
31 56.942   57.83806700234495228140   .82311212601970555592
32 55.491   57.54468362705183324622   .87404454789625832271
33 60.705   57.93972317367035409044   1.00119301421339948072
34 57.392   57.87125777696155982913   .81080198278024458918
35 56.549   57.70597555484136485048   .75272343144035404819
36 71.233   59.39685361048619424417   2.04406087226949125561
37 58.660   59.30474690917541996364   1.61363901784904593715
38 57.965   59.13727854552849246818   1.35676408157784601138
39 57.160   58.89011872733743090965   1.23383790210056337223
40 56.752   58.62285388642025204594   1.15923516237795403491
41 55.340   58.21249715061772054019   1.22848851561068059370
42 58.987   58.30931000679050547266   1.00607763585919726118
43 58.726   58.36139625594169228857   .80013369490168640980
44 59.415   58.49309672394898075249   .71533818068264221328
45 56.166   58.20220963345535815842   .79102983969390142976
46 60.370   58.47318342927343838861   .83037445111124627374
47 55.256   58.07103550061425859003   .97466027591021702905
48 55.130   57.70340606303747626627   1.05267096481234730506
49 55.879   57.47535530515779173298   .98904763675398444541
50 59.098   57.67818589201306776635   .91926249106385486325
51 57.355   57.63778765551143429555   .72479532523682043437
52 55.751   57.40193919857250500860   .74996389374917845184
53 56.200   57.25169679875094188252   .69393502015575157419
54 55.870   57.07898469890707414720   .67157435248019794904
55 60.154   57.46336161154368987880   .84001056291718722693
56 56.016   57.28244141010072864395   .78831309845048150068
57 62.385   57.92026123383813756345   1.14932716960809393007
58 73.207   59.83110357960837036801   2.53398242975502415154
59 62.174   60.12396563215732407200   2.15674111829660260465
60 57.034   59.73771992813765856300   1.95552082973965927385
61 55.460   59.20300493712045124262   1.93451623944480086070
62 55.174   58.69937931998039483729   1.89155959458115000018
63 59.836   58.84145690498284548262   1.54298758281300681480
64 82.498   61.79852479185998979729   3.74467508812725638643
65 56.807   61.17458419287749107262   3.35445434020512867389
66 56.093   60.53938616876780468854   3.07163902624982209147
67 57.965   60.21758789767182910247   2.58530275689634520640
68 55.226   59.59363941046285046466   2.48493199398011521288
69 55.635   59.09880948415499415657   2.29667518100446067923
70 55.937   58.70358329863561988699   2.06832929808279799529
71 56.534   58.43238538630616740111   1.78854514685036942159
72 59.508   58.56683721301789647597   1.45905420851054000669
73 57.475   58.43035756139065941647   1.21371035155673743206
74 56.332   58.16806286621682698941   1.13979062194465644771
75 56.378   57.94430500793972361573   1.05063109245095778774
76 58.042   57.95651688194725816376   .79865870909481107033
77 54.809   57.56307727170385089329   .94325369078408966440
78 55.846   57.34844261274086953162   .89524559468067593975
79 55.373   57.10151228614826084016   .88749823177903955983
80 55.713   56.92794825037972823514   .81749220513174569926
81 55.476   56.74645471908226220574   .77192599373409205015
82 54.735   56.49502287919697943002   .79894735520019146636
83 56.624   56.51114501929735700126   .61331738898797397461
84 54.435   56.25162689188518737610   .68706640322662890296
85 57.857   56.45229853039953895408   .69088748612002930796
86 58.217   56.67288621409959658482   .71117983782757240786
87 63.851   57.57015043733714701171   1.31849107370353592942
88 57.084   57.50938163267000363524   1.04204100936140240146
89 59.332   57.73720892858625318083   .98087964094777015348
90 57.883   57.75543281251297153322   .75160562914670617345
91 56.377   57.58312871094885009156   .71447031072863589152
92 55.400   57.31023762208024383011   .77463243580650739740
93 57.554   57.34070791932021335134   .60763583693985387913
94 56.032   57.17711942940518668242   .59886680638053874464
95 58.708   57.36847950072953834711   .61659016719421176509
96 57.381   57.37004456313834605372   .46381205500336556709
97 55.760   57.16878899274605279700   .52395766534578077493
98 57.334   57.18944036865279619737   .41103820292773605651
99 57.031   57.16963532257119667269   .32560806751720162646
100 56.213   57.05005590724979708860   .34883803904412585591
101 56.345   56.96192391884357245252   .33874401913854094849
