1 39.511   39.511   0
2 38.822   39.424875   .075359375
3 38.296   39.283765625   .179990234375
4 37.424   39.051294921875   .338404541015625
5 38.834   39.024133056640625   .277570037841796875
6 38.616   38.973116424560546875   .25281708145141601562
7 38.832   38.95547687149047851562   .20504742002487182616
8 38.556   38.90554226255416870116   .19747834783792495726
9 38.684   38.87784947973489761351   .17233994584530591962
10 37.882   38.75336829476803541182   .23817599622998386618
11 38.296   38.69619725792203098534   .22865665441274177279
12 37.565   38.55479760068177711217   .29521719089477846861
13 38.615   38.56232290059655497314   .22799753059651447980
14 38.891   38.60340753802198560149   .20694720569463765966
15 38.585   38.60110659576923740130   .15722372874213291990
16 37.528   38.46696827129808272613   .23528883046886003068
17 37.448   38.33959723738582238536   .28791627752487282118
18 38.790   38.39589758271259458719   .26520001030458029248
19 38.655   38.42828538487352026379   .22723933461924518638
20 37.559   38.31962471176433023081   .26550758993497516863
21 37.732   38.24617162279378895195   .26340214530045499546
22 38.663   38.29827516994456533295   .24314221273227057997
23 38.582   38.33374077370149466633   .21338906283651610167
24 37.575   38.23889817698880783303   .24302906925098805537
25 39.348   38.37753590486520685390   .30357981383009018478
26 38.146   38.34859391675705599716   .25300909996719963822
27 38.668   38.38851967716242399751   .22469186533009672897
28 37.498   38.27720471751712099782   .26591948868721267144
29 37.937   38.23467912782748087309   .23664950749384461271
30 38.530   38.27159423684904576395   .20978785101425273903
31 38.348   38.28114495724291504345   .16569776860532517383
32 39.116   38.38550183758755066301   .21558559675555004749
33 38.270   38.37106410788910683013   .17432221105280088937
34 37.646   38.28043109440296847636   .21004554508997172656
35 38.759   38.34025220760259741681   .20987763286715411781
36 37.422   38.22547068165227273970   .25784205985689968081
37 38.649   38.27841184644573864723   .23970506408695742969
38 38.487   38.30448536564002131632   .20259312736021540772
39 37.927   38.25729969493501865178   .19323230738703888726
40 38.664   38.30813723306814132030   .18940707640676150040
41 39.260   38.42712007893462365526   .24616529743824316839
42 38.232   38.40273006906779569835   .20596523171215683858
43 38.773   38.44901381043432123605   .19497219747982747442
44 38.612   38.46938708413003108154   .16405576259361672061
45 37.364   38.33121369861377719634   .24394353427193468999
46 38.766   38.38556198628705504679   .23051240241806913664
47 38.873   38.44649173800117316594   .22619783456340520673
48 37.381   38.31330527075102652019   .28618653476643222006
49 37.674   38.23339211190714820516   .28456391506321769068
50 40.969   38.57534309791875467951   .51263004905756893307
51 37.498   38.44067521067891034457   .50230693812804049287
52 39.146   38.52884080934404655149   .45387510242802455071
53 38.435   38.51711070817604073255   .35067016534302350459
54 37.860   38.43497186965403564098   .33487410771402208356
55 38.096   38.39260038594728118585   .28823062902892671090
56 37.452   38.27502533770387103761   .31905113898467891287
57 37.643   38.19602217049088715790   .30841612554987007938
58 37.277   38.08114439917952626316   .33183014405984334242
59 37.572   38.01750134928208548026   .30456027670514319184
60 40.171   38.28668868062182479522   .46395912245112929447
61 42.356   38.79535259554409669581   .79305026739533488387
62 40.207   38.97180852110108460883   .74918663540886558679
63 37.363   38.77070745596344903272   .73785340855208031918
64 37.585   38.62249402396801790363   .68307680941006247733
65 38.741   38.63730727097201566567   .52526919818604489978
66 38.472   38.61664386210051370746   .41203238140209788826
67 40.102   38.80231337933794949402   .47148511363432972943
68 38.698   38.78927420692070580726   .36502311109083552297
69 40.449   38.99673993105561758135   .45529984193617444455
70 37.783   38.84502243967366538368   .47422768641133900637
71 37.470   38.67314463471445721072   .50606384414781140611
72 38.704   38.67700155537515005938   .38292268868896479715
73 38.731   38.68375136095325630195   .29309809639756656011
74 38.776   38.69528244083409926420   .22991326719391251205
75 38.672   38.69237213572983685617   .17498146736166399105
76 37.473   38.53995061876360724914   .26460492786669889942
77 38.821   38.57508179141815634299   .22919347197275463168
78 37.350   38.42194656749088680011   .30588842491592682377
79 37.568   38.31520324655452595009   .32281672450626086158
80 38.646   38.35655284073521020632   .27829343828779437039
81 37.365   38.23260873564330893053   .31717117067125939410
82 39.711   38.41740764368789531421   .39957742254245763129
83 38.173   38.38685668822690839993   .32641515293520677345
84 38.298   38.37574960219854484993   .25453006497622318632
85 42.251   38.86015590192372674368   .61475306099170154678
86 37.623   38.70551141418326090072   .59637872251668377267
87 37.877   38.60194748741035328813   .53790247781380699051
88 37.785   38.49982905148405912711   .49278048979586263376
89 38.168   38.45835042004855173622   .40587916985296594234
90 37.648   38.35705661754248276919   .39304145458253480289
91 38.540   38.37992454034967242304   .31479052339319204928
92 39.191   38.48130897280596337016   .32480427094414861569
93 38.541   38.48877035120521794889   .25013190930745921814
94 38.401   38.47779905730456570527   .19719881414366512675
95 37.886   38.40382417514149499211   .21262713250043571907
96 38.412   38.40484615324880811809   .16036458021922577453
97 38.648   38.43524038409270710332   .14686838715283094297
98 42.380   38.92833533608111871540   .54160937335448336779
99 37.622   38.76504341907097887597   .54908745739973488533
100 37.582   38.61716299168710651647   .54121096701068947854
101 37.396   38.46451761772621820191   .53947292747379438413
