TCP Ping trying to connect to server webdev.dibris.unige.it (130.251.61.30) on port 1491
 ... connected to Pong server: asking for 101 repetitions of 6144 bytes TCP messages
 ... Pong server agreed :-)
tcp_ping received 6144 bytes back
Round trip time was 64.9156 milliseconds in repetition 1
tcp_ping received 6144 bytes back
Round trip time was 47.091 milliseconds in repetition 2
tcp_ping received 6144 bytes back
Round trip time was 51.5452 milliseconds in repetition 3
tcp_ping received 6144 bytes back
Round trip time was 48.839 milliseconds in repetition 4
tcp_ping received 6144 bytes back
Round trip time was 53.6059 milliseconds in repetition 5
tcp_ping received 6144 bytes back
Round trip time was 47.365 milliseconds in repetition 6
tcp_ping received 6144 bytes back
Round trip time was 47.9316 milliseconds in repetition 7
tcp_ping received 6144 bytes back
Round trip time was 44.9323 milliseconds in repetition 8
tcp_ping received 6144 bytes back
Round trip time was 47.1887 milliseconds in repetition 9
tcp_ping received 6144 bytes back
Round trip time was 43.8444 milliseconds in repetition 10
tcp_ping received 6144 bytes back
Round trip time was 45.2549 milliseconds in repetition 11
tcp_ping received 6144 bytes back
Round trip time was 44.1396 milliseconds in repetition 12
tcp_ping received 6144 bytes back
Round trip time was 45.3088 milliseconds in repetition 13
tcp_ping received 6144 bytes back
Round trip time was 44.0744 milliseconds in repetition 14
tcp_ping received 6144 bytes back
Round trip time was 47.7852 milliseconds in repetition 15
tcp_ping received 6144 bytes back
Round trip time was 46.9939 milliseconds in repetition 16
tcp_ping received 6144 bytes back
Round trip time was 45.1674 milliseconds in repetition 17
tcp_ping received 6144 bytes back
Round trip time was 46.9436 milliseconds in repetition 18
tcp_ping received 6144 bytes back
Round trip time was 43.9719 milliseconds in repetition 19
tcp_ping received 6144 bytes back
Round trip time was 51.7377 milliseconds in repetition 20
tcp_ping received 6144 bytes back
Round trip time was 49.1393 milliseconds in repetition 21
tcp_ping received 6144 bytes back
Round trip time was 45.5982 milliseconds in repetition 22
tcp_ping received 6144 bytes back
Round trip time was 45.6859 milliseconds in repetition 23
tcp_ping received 6144 bytes back
Round trip time was 49.0374 milliseconds in repetition 24
tcp_ping received 6144 bytes back
Round trip time was 45.7246 milliseconds in repetition 25
tcp_ping received 6144 bytes back
Round trip time was 44.1907 milliseconds in repetition 26
tcp_ping received 6144 bytes back
Round trip time was 43.6831 milliseconds in repetition 27
tcp_ping received 6144 bytes back
Round trip time was 45.0698 milliseconds in repetition 28
tcp_ping received 6144 bytes back
Round trip time was 44.0606 milliseconds in repetition 29
tcp_ping received 6144 bytes back
Round trip time was 44.4159 milliseconds in repetition 30
tcp_ping received 6144 bytes back
Round trip time was 44.4809 milliseconds in repetition 31
tcp_ping received 6144 bytes back
Round trip time was 43.6428 milliseconds in repetition 32
tcp_ping received 6144 bytes back
Round trip time was 44.1514 milliseconds in repetition 33
tcp_ping received 6144 bytes back
Round trip time was 44.0046 milliseconds in repetition 34
tcp_ping received 6144 bytes back
Round trip time was 43.9043 milliseconds in repetition 35
tcp_ping received 6144 bytes back
Round trip time was 44.4677 milliseconds in repetition 36
tcp_ping received 6144 bytes back
Round trip time was 61.3574 milliseconds in repetition 37
tcp_ping received 6144 bytes back
Round trip time was 53.371 milliseconds in repetition 38
tcp_ping received 6144 bytes back
Round trip time was 47.803 milliseconds in repetition 39
tcp_ping received 6144 bytes back
Round trip time was 43.8414 milliseconds in repetition 40
tcp_ping received 6144 bytes back
Round trip time was 49.3906 milliseconds in repetition 41
tcp_ping received 6144 bytes back
Round trip time was 45.9271 milliseconds in repetition 42
tcp_ping received 6144 bytes back
Round trip time was 43.548 milliseconds in repetition 43
tcp_ping received 6144 bytes back
Round trip time was 43.9013 milliseconds in repetition 44
tcp_ping received 6144 bytes back
Round trip time was 46.4094 milliseconds in repetition 45
tcp_ping received 6144 bytes back
Round trip time was 47.2079 milliseconds in repetition 46
tcp_ping received 6144 bytes back
Round trip time was 43.458 milliseconds in repetition 47
tcp_ping received 6144 bytes back
Round trip time was 46.0387 milliseconds in repetition 48
tcp_ping received 6144 bytes back
Round trip time was 43.6162 milliseconds in repetition 49
tcp_ping received 6144 bytes back
Round trip time was 44.8339 milliseconds in repetition 50
tcp_ping received 6144 bytes back
Round trip time was 44.8685 milliseconds in repetition 51
tcp_ping received 6144 bytes back
Round trip time was 47.2859 milliseconds in repetition 52
tcp_ping received 6144 bytes back
Round trip time was 43.9334 milliseconds in repetition 53
tcp_ping received 6144 bytes back
Round trip time was 45.7018 milliseconds in repetition 54
tcp_ping received 6144 bytes back
Round trip time was 43.9047 milliseconds in repetition 55
tcp_ping received 6144 bytes back
Round trip time was 43.9521 milliseconds in repetition 56
tcp_ping received 6144 bytes back
Round trip time was 43.8917 milliseconds in repetition 57
tcp_ping received 6144 bytes back
Round trip time was 44.2331 milliseconds in repetition 58
tcp_ping received 6144 bytes back
Round trip time was 44.3647 milliseconds in repetition 59
tcp_ping received 6144 bytes back
Round trip time was 44.0278 milliseconds in repetition 60
tcp_ping received 6144 bytes back
Round trip time was 45.0444 milliseconds in repetition 61
tcp_ping received 6144 bytes back
Round trip time was 45.7542 milliseconds in repetition 62
tcp_ping received 6144 bytes back
Round trip time was 47.3922 milliseconds in repetition 63
tcp_ping received 6144 bytes back
Round trip time was 47.2014 milliseconds in repetition 64
tcp_ping received 6144 bytes back
Round trip time was 43.3894 milliseconds in repetition 65
tcp_ping received 6144 bytes back
Round trip time was 45.4219 milliseconds in repetition 66
tcp_ping received 6144 bytes back
Round trip time was 44.2476 milliseconds in repetition 67
tcp_ping received 6144 bytes back
Round trip time was 47.409 milliseconds in repetition 68
tcp_ping received 6144 bytes back
Round trip time was 45.9866 milliseconds in repetition 69
tcp_ping received 6144 bytes back
Round trip time was 47.713 milliseconds in repetition 70
tcp_ping received 6144 bytes back
Round trip time was 46.665 milliseconds in repetition 71
tcp_ping received 6144 bytes back
Round trip time was 47.4751 milliseconds in repetition 72
tcp_ping received 6144 bytes back
Round trip time was 43.2027 milliseconds in repetition 73
tcp_ping received 6144 bytes back
Round trip time was 47.4703 milliseconds in repetition 74
tcp_ping received 6144 bytes back
Round trip time was 47.267 milliseconds in repetition 75
tcp_ping received 6144 bytes back
Round trip time was 44.4451 milliseconds in repetition 76
tcp_ping received 6144 bytes back
Round trip time was 50.7424 milliseconds in repetition 77
tcp_ping received 6144 bytes back
Round trip time was 44.8689 milliseconds in repetition 78
tcp_ping received 6144 bytes back
Round trip time was 50.7112 milliseconds in repetition 79
tcp_ping received 6144 bytes back
Round trip time was 43.958 milliseconds in repetition 80
tcp_ping received 6144 bytes back
Round trip time was 45.1517 milliseconds in repetition 81
tcp_ping received 6144 bytes back
Round trip time was 45.0238 milliseconds in repetition 82
tcp_ping received 6144 bytes back
Round trip time was 45.432 milliseconds in repetition 83
tcp_ping received 6144 bytes back
Round trip time was 44.1622 milliseconds in repetition 84
tcp_ping received 6144 bytes back
Round trip time was 46.3071 milliseconds in repetition 85
tcp_ping received 6144 bytes back
Round trip time was 48.354 milliseconds in repetition 86
tcp_ping received 6144 bytes back
Round trip time was 44.2601 milliseconds in repetition 87
tcp_ping received 6144 bytes back
Round trip time was 45.9172 milliseconds in repetition 88
tcp_ping received 6144 bytes back
Round trip time was 44.6997 milliseconds in repetition 89
tcp_ping received 6144 bytes back
Round trip time was 45.2086 milliseconds in repetition 90
tcp_ping received 6144 bytes back
Round trip time was 49.0636 milliseconds in repetition 91
tcp_ping received 6144 bytes back
Round trip time was 44.8087 milliseconds in repetition 92
tcp_ping received 6144 bytes back
Round trip time was 44.9133 milliseconds in repetition 93
tcp_ping received 6144 bytes back
Round trip time was 44.1061 milliseconds in repetition 94
tcp_ping received 6144 bytes back
Round trip time was 46.5002 milliseconds in repetition 95
tcp_ping received 6144 bytes back
Round trip time was 44.7775 milliseconds in repetition 96
tcp_ping received 6144 bytes back
Round trip time was 45.0924 milliseconds in repetition 97
tcp_ping received 6144 bytes back
Round trip time was 43.7875 milliseconds in repetition 98
tcp_ping received 6144 bytes back
Round trip time was 45.2391 milliseconds in repetition 99
tcp_ping received 6144 bytes back
Round trip time was 43.9541 milliseconds in repetition 100
tcp_ping received 6144 bytes back
Round trip time was 44.5489 milliseconds in repetition 101

 ... clock resolution was 1e-06
TCP Ping:  Statistics over 101 repetitions of 6144 byte messages

RTT : percentile 10: 43.8917, median: 45.1674, percentile 90: 49.0636, average: 46.1825, variance: 10.7095

RTT histogram:
44.288307 7
45.373956 33
46.459605 22
47.545254 10
48.630903 15
49.716552 5
50.802201 1
51.887850 2
52.973499 2
54.059148 1
55.144797 1
56.230446 0
57.316095 0
58.401744 0
59.487393 0
60.573042 0
61.658691 0
62.744340 1
63.829989 0
64.915639 0
66.001288 1
median Throughput : 272.055 KB/s   overall Throughput : 266.075 KB/s

