TCP Ping trying to connect to server webdev.dibris.unige.it (130.251.61.30) on port 1491
 ... connected to Pong server: asking for 101 repetitions of 1536 bytes TCP messages
 ... Pong server agreed :-)
tcp_ping received 1536 bytes back
Round trip time was 50.7451 milliseconds in repetition 1
tcp_ping received 1536 bytes back
Round trip time was 43.5701 milliseconds in repetition 2
tcp_ping received 1536 bytes back
Round trip time was 42.8289 milliseconds in repetition 3
tcp_ping received 1536 bytes back
Round trip time was 43.0097 milliseconds in repetition 4
tcp_ping received 1536 bytes back
Round trip time was 43.0084 milliseconds in repetition 5
tcp_ping received 1536 bytes back
Round trip time was 42.5231 milliseconds in repetition 6
tcp_ping received 1536 bytes back
Round trip time was 45.1067 milliseconds in repetition 7
tcp_ping received 1536 bytes back
Round trip time was 43.6467 milliseconds in repetition 8
tcp_ping received 1536 bytes back
Round trip time was 44.7574 milliseconds in repetition 9
tcp_ping received 1536 bytes back
Round trip time was 42.6402 milliseconds in repetition 10
tcp_ping received 1536 bytes back
Round trip time was 42.6324 milliseconds in repetition 11
tcp_ping received 1536 bytes back
Round trip time was 41.9039 milliseconds in repetition 12
tcp_ping received 1536 bytes back
Round trip time was 43.0071 milliseconds in repetition 13
tcp_ping received 1536 bytes back
Round trip time was 42.6068 milliseconds in repetition 14
tcp_ping received 1536 bytes back
Round trip time was 43.4426 milliseconds in repetition 15
tcp_ping received 1536 bytes back
Round trip time was 43.3101 milliseconds in repetition 16
tcp_ping received 1536 bytes back
Round trip time was 41.8942 milliseconds in repetition 17
tcp_ping received 1536 bytes back
Round trip time was 40.2757 milliseconds in repetition 18
tcp_ping received 1536 bytes back
Round trip time was 41.8291 milliseconds in repetition 19
tcp_ping received 1536 bytes back
Round trip time was 40.7836 milliseconds in repetition 20
tcp_ping received 1536 bytes back
Round trip time was 41.3501 milliseconds in repetition 21
tcp_ping received 1536 bytes back
Round trip time was 40.7847 milliseconds in repetition 22
tcp_ping received 1536 bytes back
Round trip time was 41.1114 milliseconds in repetition 23
tcp_ping received 1536 bytes back
Round trip time was 40.9894 milliseconds in repetition 24
tcp_ping received 1536 bytes back
Round trip time was 41.4812 milliseconds in repetition 25
tcp_ping received 1536 bytes back
Round trip time was 41.9174 milliseconds in repetition 26
tcp_ping received 1536 bytes back
Round trip time was 40.938 milliseconds in repetition 27
tcp_ping received 1536 bytes back
Round trip time was 41.6621 milliseconds in repetition 28
tcp_ping received 1536 bytes back
Round trip time was 40.9969 milliseconds in repetition 29
tcp_ping received 1536 bytes back
Round trip time was 41.5773 milliseconds in repetition 30
tcp_ping received 1536 bytes back
Round trip time was 46.024 milliseconds in repetition 31
tcp_ping received 1536 bytes back
Round trip time was 52.1947 milliseconds in repetition 32
tcp_ping received 1536 bytes back
Round trip time was 42.2588 milliseconds in repetition 33
tcp_ping received 1536 bytes back
Round trip time was 42.1861 milliseconds in repetition 34
tcp_ping received 1536 bytes back
Round trip time was 42.9733 milliseconds in repetition 35
tcp_ping received 1536 bytes back
Round trip time was 41.7918 milliseconds in repetition 36
tcp_ping received 1536 bytes back
Round trip time was 42.6365 milliseconds in repetition 37
tcp_ping received 1536 bytes back
Round trip time was 42.1836 milliseconds in repetition 38
tcp_ping received 1536 bytes back
Round trip time was 40.6671 milliseconds in repetition 39
tcp_ping received 1536 bytes back
Round trip time was 42.1299 milliseconds in repetition 40
tcp_ping received 1536 bytes back
Round trip time was 42.0064 milliseconds in repetition 41
tcp_ping received 1536 bytes back
Round trip time was 42.4098 milliseconds in repetition 42
tcp_ping received 1536 bytes back
Round trip time was 43.1813 milliseconds in repetition 43
tcp_ping received 1536 bytes back
Round trip time was 47.095 milliseconds in repetition 44
tcp_ping received 1536 bytes back
Round trip time was 40.5466 milliseconds in repetition 45
tcp_ping received 1536 bytes back
Round trip time was 41.301 milliseconds in repetition 46
tcp_ping received 1536 bytes back
Round trip time was 41.2144 milliseconds in repetition 47
tcp_ping received 1536 bytes back
Round trip time was 41.881 milliseconds in repetition 48
tcp_ping received 1536 bytes back
Round trip time was 40.9732 milliseconds in repetition 49
tcp_ping received 1536 bytes back
Round trip time was 43.1589 milliseconds in repetition 50
tcp_ping received 1536 bytes back
Round trip time was 41.6892 milliseconds in repetition 51
tcp_ping received 1536 bytes back
Round trip time was 45.1034 milliseconds in repetition 52
tcp_ping received 1536 bytes back
Round trip time was 41.3963 milliseconds in repetition 53
tcp_ping received 1536 bytes back
Round trip time was 42.0984 milliseconds in repetition 54
tcp_ping received 1536 bytes back
Round trip time was 40.8313 milliseconds in repetition 55
tcp_ping received 1536 bytes back
Round trip time was 40.7063 milliseconds in repetition 56
tcp_ping received 1536 bytes back
Round trip time was 57.5345 milliseconds in repetition 57
tcp_ping received 1536 bytes back
Round trip time was 47.3214 milliseconds in repetition 58
tcp_ping received 1536 bytes back
Round trip time was 43.2207 milliseconds in repetition 59
tcp_ping received 1536 bytes back
Round trip time was 44.6171 milliseconds in repetition 60
tcp_ping received 1536 bytes back
Round trip time was 41.9427 milliseconds in repetition 61
tcp_ping received 1536 bytes back
Round trip time was 42.8511 milliseconds in repetition 62
tcp_ping received 1536 bytes back
Round trip time was 40.5329 milliseconds in repetition 63
tcp_ping received 1536 bytes back
Round trip time was 41.287 milliseconds in repetition 64
tcp_ping received 1536 bytes back
Round trip time was 45.7225 milliseconds in repetition 65
tcp_ping received 1536 bytes back
Round trip time was 42.5629 milliseconds in repetition 66
tcp_ping received 1536 bytes back
Round trip time was 41.1886 milliseconds in repetition 67
tcp_ping received 1536 bytes back
Round trip time was 42.606 milliseconds in repetition 68
tcp_ping received 1536 bytes back
Round trip time was 41.5828 milliseconds in repetition 69
tcp_ping received 1536 bytes back
Round trip time was 40.8258 milliseconds in repetition 70
tcp_ping received 1536 bytes back
Round trip time was 41.1409 milliseconds in repetition 71
tcp_ping received 1536 bytes back
Round trip time was 41.0948 milliseconds in repetition 72
tcp_ping received 1536 bytes back
Round trip time was 42.0371 milliseconds in repetition 73
tcp_ping received 1536 bytes back
Round trip time was 48.1609 milliseconds in repetition 74
tcp_ping received 1536 bytes back
Round trip time was 43.6858 milliseconds in repetition 75
tcp_ping received 1536 bytes back
Round trip time was 44.7265 milliseconds in repetition 76
tcp_ping received 1536 bytes back
Round trip time was 41.4771 milliseconds in repetition 77
tcp_ping received 1536 bytes back
Round trip time was 41.0769 milliseconds in repetition 78
tcp_ping received 1536 bytes back
Round trip time was 41.3349 milliseconds in repetition 79
tcp_ping received 1536 bytes back
Round trip time was 42.0071 milliseconds in repetition 80
tcp_ping received 1536 bytes back
Round trip time was 40.6653 milliseconds in repetition 81
tcp_ping received 1536 bytes back
Round trip time was 41.4393 milliseconds in repetition 82
tcp_ping received 1536 bytes back
Round trip time was 41.0735 milliseconds in repetition 83
tcp_ping received 1536 bytes back
Round trip time was 41.6402 milliseconds in repetition 84
tcp_ping received 1536 bytes back
Round trip time was 42.6243 milliseconds in repetition 85
tcp_ping received 1536 bytes back
Round trip time was 46.191 milliseconds in repetition 86
tcp_ping received 1536 bytes back
Round trip time was 49.3118 milliseconds in repetition 87
tcp_ping received 1536 bytes back
Round trip time was 47.688 milliseconds in repetition 88
tcp_ping received 1536 bytes back
Round trip time was 41.4434 milliseconds in repetition 89
tcp_ping received 1536 bytes back
Round trip time was 41.5899 milliseconds in repetition 90
tcp_ping received 1536 bytes back
Round trip time was 42.7146 milliseconds in repetition 91
tcp_ping received 1536 bytes back
Round trip time was 45.7928 milliseconds in repetition 92
tcp_ping received 1536 bytes back
Round trip time was 42.0588 milliseconds in repetition 93
tcp_ping received 1536 bytes back
Round trip time was 41.7083 milliseconds in repetition 94
tcp_ping received 1536 bytes back
Round trip time was 40.9987 milliseconds in repetition 95
tcp_ping received 1536 bytes back
Round trip time was 41.1306 milliseconds in repetition 96
tcp_ping received 1536 bytes back
Round trip time was 40.7184 milliseconds in repetition 97
tcp_ping received 1536 bytes back
Round trip time was 41.8429 milliseconds in repetition 98
tcp_ping received 1536 bytes back
Round trip time was 40.9302 milliseconds in repetition 99
tcp_ping received 1536 bytes back
Round trip time was 45.8778 milliseconds in repetition 100
tcp_ping received 1536 bytes back
Round trip time was 43.452 milliseconds in repetition 101

 ... clock resolution was 1e-06
TCP Ping:  Statistics over 101 repetitions of 1536 byte messages

RTT : percentile 10: 40.8313, median: 42.0071, percentile 90: 45.8778, average: 42.8554, variance: 7.08156

RTT histogram:
41.138676 6
42.001616 28
42.864555 25
43.727495 18
44.590435 6
45.453374 3
46.316314 5
47.179254 2
48.042193 2
48.905133 2
49.768073 1
50.631012 0
51.493952 1
52.356892 0
53.219831 1
54.082771 0
54.945711 0
55.808650 0
56.671590 0
57.534530 0
58.397469 1
median Throughput : 73.1304 KB/s   overall Throughput : 71.6829 KB/s

