TCP Ping trying to connect to server webdev.dibris.unige.it (130.251.61.30) on port 1491
 ... connected to Pong server: asking for 101 repetitions of 32 bytes TCP messages
 ... Pong server agreed :-)
tcp_ping received 32 bytes back
Round trip time was 42.7237 milliseconds in repetition 1
tcp_ping received 32 bytes back
Round trip time was 41.7585 milliseconds in repetition 2
tcp_ping received 32 bytes back
Round trip time was 38.728 milliseconds in repetition 3
tcp_ping received 32 bytes back
Round trip time was 39.3488 milliseconds in repetition 4
tcp_ping received 32 bytes back
Round trip time was 43.4334 milliseconds in repetition 5
tcp_ping received 32 bytes back
Round trip time was 38.8017 milliseconds in repetition 6
tcp_ping received 32 bytes back
Round trip time was 41.0677 milliseconds in repetition 7
tcp_ping received 32 bytes back
Round trip time was 38.5905 milliseconds in repetition 8
tcp_ping received 32 bytes back
Round trip time was 38.5307 milliseconds in repetition 9
tcp_ping received 32 bytes back
Round trip time was 38.8212 milliseconds in repetition 10
tcp_ping received 32 bytes back
Round trip time was 38.7262 milliseconds in repetition 11
tcp_ping received 32 bytes back
Round trip time was 38.7333 milliseconds in repetition 12
tcp_ping received 32 bytes back
Round trip time was 38.6792 milliseconds in repetition 13
tcp_ping received 32 bytes back
Round trip time was 39.191 milliseconds in repetition 14
tcp_ping received 32 bytes back
Round trip time was 39.4784 milliseconds in repetition 15
tcp_ping received 32 bytes back
Round trip time was 39.0114 milliseconds in repetition 16
tcp_ping received 32 bytes back
Round trip time was 38.6252 milliseconds in repetition 17
tcp_ping received 32 bytes back
Round trip time was 40.5763 milliseconds in repetition 18
tcp_ping received 32 bytes back
Round trip time was 40.9982 milliseconds in repetition 19
tcp_ping received 32 bytes back
Round trip time was 38.348 milliseconds in repetition 20
tcp_ping received 32 bytes back
Round trip time was 38.6577 milliseconds in repetition 21
tcp_ping received 32 bytes back
Round trip time was 39.2468 milliseconds in repetition 22
tcp_ping received 32 bytes back
Round trip time was 38.3345 milliseconds in repetition 23
tcp_ping received 32 bytes back
Round trip time was 38.7429 milliseconds in repetition 24
tcp_ping received 32 bytes back
Round trip time was 38.4186 milliseconds in repetition 25
tcp_ping received 32 bytes back
Round trip time was 38.6692 milliseconds in repetition 26
tcp_ping received 32 bytes back
Round trip time was 39.1539 milliseconds in repetition 27
tcp_ping received 32 bytes back
Round trip time was 38.5045 milliseconds in repetition 28
tcp_ping received 32 bytes back
Round trip time was 38.8796 milliseconds in repetition 29
tcp_ping received 32 bytes back
Round trip time was 38.5321 milliseconds in repetition 30
tcp_ping received 32 bytes back
Round trip time was 38.7145 milliseconds in repetition 31
tcp_ping received 32 bytes back
Round trip time was 52.7005 milliseconds in repetition 32
tcp_ping received 32 bytes back
Round trip time was 38.5375 milliseconds in repetition 33
tcp_ping received 32 bytes back
Round trip time was 38.7999 milliseconds in repetition 34
tcp_ping received 32 bytes back
Round trip time was 50.3006 milliseconds in repetition 35
tcp_ping received 32 bytes back
Round trip time was 38.2829 milliseconds in repetition 36
tcp_ping received 32 bytes back
Round trip time was 40.0933 milliseconds in repetition 37
tcp_ping received 32 bytes back
Round trip time was 37.369 milliseconds in repetition 38
tcp_ping received 32 bytes back
Round trip time was 37.6411 milliseconds in repetition 39
tcp_ping received 32 bytes back
Round trip time was 38.6411 milliseconds in repetition 40
tcp_ping received 32 bytes back
Round trip time was 50.5273 milliseconds in repetition 41
tcp_ping received 32 bytes back
Round trip time was 38.1869 milliseconds in repetition 42
tcp_ping received 32 bytes back
Round trip time was 37.7261 milliseconds in repetition 43
tcp_ping received 32 bytes back
Round trip time was 51.2229 milliseconds in repetition 44
tcp_ping received 32 bytes back
Round trip time was 38.4531 milliseconds in repetition 45
tcp_ping received 32 bytes back
Round trip time was 38.4736 milliseconds in repetition 46
tcp_ping received 32 bytes back
Round trip time was 37.6888 milliseconds in repetition 47
tcp_ping received 32 bytes back
Round trip time was 38.4442 milliseconds in repetition 48
tcp_ping received 32 bytes back
Round trip time was 38.8031 milliseconds in repetition 49
tcp_ping received 32 bytes back
Round trip time was 37.887 milliseconds in repetition 50
tcp_ping received 32 bytes back
Round trip time was 38.3106 milliseconds in repetition 51
tcp_ping received 32 bytes back
Round trip time was 41.5686 milliseconds in repetition 52
tcp_ping received 32 bytes back
Round trip time was 36.9768 milliseconds in repetition 53
tcp_ping received 32 bytes back
Round trip time was 38.1887 milliseconds in repetition 54
tcp_ping received 32 bytes back
Round trip time was 38.0161 milliseconds in repetition 55
tcp_ping received 32 bytes back
Round trip time was 37.6176 milliseconds in repetition 56
tcp_ping received 32 bytes back
Round trip time was 37.575 milliseconds in repetition 57
tcp_ping received 32 bytes back
Round trip time was 38.6729 milliseconds in repetition 58
tcp_ping received 32 bytes back
Round trip time was 37.5876 milliseconds in repetition 59
tcp_ping received 32 bytes back
Round trip time was 37.2834 milliseconds in repetition 60
tcp_ping received 32 bytes back
Round trip time was 38.6858 milliseconds in repetition 61
tcp_ping received 32 bytes back
Round trip time was 37.6033 milliseconds in repetition 62
tcp_ping received 32 bytes back
Round trip time was 38.6032 milliseconds in repetition 63
tcp_ping received 32 bytes back
Round trip time was 37.9332 milliseconds in repetition 64
tcp_ping received 32 bytes back
Round trip time was 42.6046 milliseconds in repetition 65
tcp_ping received 32 bytes back
Round trip time was 42.4593 milliseconds in repetition 66
tcp_ping received 32 bytes back
Round trip time was 38.2388 milliseconds in repetition 67
tcp_ping received 32 bytes back
Round trip time was 37.6854 milliseconds in repetition 68
tcp_ping received 32 bytes back
Round trip time was 38.8961 milliseconds in repetition 69
tcp_ping received 32 bytes back
Round trip time was 38.4458 milliseconds in repetition 70
tcp_ping received 32 bytes back
Round trip time was 38.8114 milliseconds in repetition 71
tcp_ping received 32 bytes back
Round trip time was 37.906 milliseconds in repetition 72
tcp_ping received 32 bytes back
Round trip time was 38.3491 milliseconds in repetition 73
tcp_ping received 32 bytes back
Round trip time was 38.0116 milliseconds in repetition 74
tcp_ping received 32 bytes back
Round trip time was 38.4117 milliseconds in repetition 75
tcp_ping received 32 bytes back
Round trip time was 37.2011 milliseconds in repetition 76
tcp_ping received 32 bytes back
Round trip time was 37.5103 milliseconds in repetition 77
tcp_ping received 32 bytes back
Round trip time was 37.6729 milliseconds in repetition 78
tcp_ping received 32 bytes back
Round trip time was 38.5453 milliseconds in repetition 79
tcp_ping received 32 bytes back
Round trip time was 37.3947 milliseconds in repetition 80
tcp_ping received 32 bytes back
Round trip time was 38.9352 milliseconds in repetition 81
tcp_ping received 32 bytes back
Round trip time was 38.7611 milliseconds in repetition 82
tcp_ping received 32 bytes back
Round trip time was 37.3727 milliseconds in repetition 83
tcp_ping received 32 bytes back
Round trip time was 38.8065 milliseconds in repetition 84
tcp_ping received 32 bytes back
Round trip time was 38.4985 milliseconds in repetition 85
tcp_ping received 32 bytes back
Round trip time was 37.5131 milliseconds in repetition 86
tcp_ping received 32 bytes back
Round trip time was 37.3802 milliseconds in repetition 87
tcp_ping received 32 bytes back
Round trip time was 38.8191 milliseconds in repetition 88
tcp_ping received 32 bytes back
Round trip time was 37.4801 milliseconds in repetition 89
tcp_ping received 32 bytes back
Round trip time was 37.3859 milliseconds in repetition 90
tcp_ping received 32 bytes back
Round trip time was 37.2227 milliseconds in repetition 91
tcp_ping received 32 bytes back
Round trip time was 37.6093 milliseconds in repetition 92
tcp_ping received 32 bytes back
Round trip time was 38.996 milliseconds in repetition 93
tcp_ping received 32 bytes back
Round trip time was 37.1997 milliseconds in repetition 94
tcp_ping received 32 bytes back
Round trip time was 38.8357 milliseconds in repetition 95
tcp_ping received 32 bytes back
Round trip time was 38.7602 milliseconds in repetition 96
tcp_ping received 32 bytes back
Round trip time was 38.5121 milliseconds in repetition 97
tcp_ping received 32 bytes back
Round trip time was 38.9749 milliseconds in repetition 98
tcp_ping received 32 bytes back
Round trip time was 37.1938 milliseconds in repetition 99
tcp_ping received 32 bytes back
Round trip time was 40.0573 milliseconds in repetition 100
tcp_ping received 32 bytes back
Round trip time was 38.9325 milliseconds in repetition 101

 ... clock resolution was 1e-06
TCP Ping:  Statistics over 101 repetitions of 32 byte messages

RTT : percentile 10: 37.3947, median: 38.5905, percentile 90: 41.0677, average: 39.1665, variance: 7.54501

RTT histogram:
37.762987 7
38.549171 22
39.335354 49
40.121538 8
40.907722 2
41.693905 3
42.480089 2
43.266273 3
44.052456 1
44.838640 0
45.624824 0
46.411007 0
47.197191 0
47.983375 0
48.769558 0
49.555742 0
50.341926 0
51.128109 2
51.914293 1
52.700476 0
53.486660 1
median Throughput : 1.65844 KB/s   overall Throughput : 1.63405 KB/s

