TCP Ping trying to connect to server webdev.dibris.unige.it (130.251.61.30) on port 1491
 ... connected to Pong server: asking for 101 repetitions of 16384 bytes TCP messages
 ... Pong server agreed :-)
tcp_ping received 16384 bytes back
Round trip time was 132.944 milliseconds in repetition 1
tcp_ping received 16384 bytes back
Round trip time was 95.152 milliseconds in repetition 2
tcp_ping received 16384 bytes back
Round trip time was 90.007 milliseconds in repetition 3
tcp_ping received 16384 bytes back
Round trip time was 86.4222 milliseconds in repetition 4
tcp_ping received 16384 bytes back
Round trip time was 52.0276 milliseconds in repetition 5
tcp_ping received 16384 bytes back
Round trip time was 52.3477 milliseconds in repetition 6
tcp_ping received 16384 bytes back
Round trip time was 56.666 milliseconds in repetition 7
tcp_ping received 16384 bytes back
Round trip time was 50.2289 milliseconds in repetition 8
tcp_ping received 16384 bytes back
Round trip time was 48.6426 milliseconds in repetition 9
tcp_ping received 16384 bytes back
Round trip time was 49.3317 milliseconds in repetition 10
tcp_ping received 16384 bytes back
Round trip time was 51.6316 milliseconds in repetition 11
tcp_ping received 16384 bytes back
Round trip time was 55.5011 milliseconds in repetition 12
tcp_ping received 16384 bytes back
Round trip time was 48.4694 milliseconds in repetition 13
tcp_ping received 16384 bytes back
Round trip time was 48.5484 milliseconds in repetition 14
tcp_ping received 16384 bytes back
Round trip time was 51.3812 milliseconds in repetition 15
tcp_ping received 16384 bytes back
Round trip time was 47.7971 milliseconds in repetition 16
tcp_ping received 16384 bytes back
Round trip time was 50.3662 milliseconds in repetition 17
tcp_ping received 16384 bytes back
Round trip time was 55.507 milliseconds in repetition 18
tcp_ping received 16384 bytes back
Round trip time was 53.9609 milliseconds in repetition 19
tcp_ping received 16384 bytes back
Round trip time was 52.5001 milliseconds in repetition 20
tcp_ping received 16384 bytes back
Round trip time was 49.892 milliseconds in repetition 21
tcp_ping received 16384 bytes back
Round trip time was 57.1327 milliseconds in repetition 22
tcp_ping received 16384 bytes back
Round trip time was 50.466 milliseconds in repetition 23
tcp_ping received 16384 bytes back
Round trip time was 50.9947 milliseconds in repetition 24
tcp_ping received 16384 bytes back
Round trip time was 54.6497 milliseconds in repetition 25
tcp_ping received 16384 bytes back
Round trip time was 51.6779 milliseconds in repetition 26
tcp_ping received 16384 bytes back
Round trip time was 59.7585 milliseconds in repetition 27
tcp_ping received 16384 bytes back
Round trip time was 49.6877 milliseconds in repetition 28
tcp_ping received 16384 bytes back
Round trip time was 49.8674 milliseconds in repetition 29
tcp_ping received 16384 bytes back
Round trip time was 53.0687 milliseconds in repetition 30
tcp_ping received 16384 bytes back
Round trip time was 52.1882 milliseconds in repetition 31
tcp_ping received 16384 bytes back
Round trip time was 51.8131 milliseconds in repetition 32
tcp_ping received 16384 bytes back
Round trip time was 50.1254 milliseconds in repetition 33
tcp_ping received 16384 bytes back
Round trip time was 48.6662 milliseconds in repetition 34
tcp_ping received 16384 bytes back
Round trip time was 62.3779 milliseconds in repetition 35
tcp_ping received 16384 bytes back
Round trip time was 50.856 milliseconds in repetition 36
tcp_ping received 16384 bytes back
Round trip time was 49.0573 milliseconds in repetition 37
tcp_ping received 16384 bytes back
Round trip time was 50.2925 milliseconds in repetition 38
tcp_ping received 16384 bytes back
Round trip time was 48.7509 milliseconds in repetition 39
tcp_ping received 16384 bytes back
Round trip time was 48.3946 milliseconds in repetition 40
tcp_ping received 16384 bytes back
Round trip time was 49.4664 milliseconds in repetition 41
tcp_ping received 16384 bytes back
Round trip time was 70.9843 milliseconds in repetition 42
tcp_ping received 16384 bytes back
Round trip time was 49.5279 milliseconds in repetition 43
tcp_ping received 16384 bytes back
Round trip time was 50.1352 milliseconds in repetition 44
tcp_ping received 16384 bytes back
Round trip time was 49.7629 milliseconds in repetition 45
tcp_ping received 16384 bytes back
Round trip time was 51.2055 milliseconds in repetition 46
tcp_ping received 16384 bytes back
Round trip time was 53.1319 milliseconds in repetition 47
tcp_ping received 16384 bytes back
Round trip time was 50.8861 milliseconds in repetition 48
tcp_ping received 16384 bytes back
Round trip time was 48.489 milliseconds in repetition 49
tcp_ping received 16384 bytes back
Round trip time was 51.3882 milliseconds in repetition 50
tcp_ping received 16384 bytes back
Round trip time was 52.0072 milliseconds in repetition 51
tcp_ping received 16384 bytes back
Round trip time was 59.4697 milliseconds in repetition 52
tcp_ping received 16384 bytes back
Round trip time was 50.9617 milliseconds in repetition 53
tcp_ping received 16384 bytes back
Round trip time was 55.8085 milliseconds in repetition 54
tcp_ping received 16384 bytes back
Round trip time was 52.3963 milliseconds in repetition 55
tcp_ping received 16384 bytes back
Round trip time was 54.301 milliseconds in repetition 56
tcp_ping received 16384 bytes back
Round trip time was 56.6176 milliseconds in repetition 57
tcp_ping received 16384 bytes back
Round trip time was 49.3761 milliseconds in repetition 58
tcp_ping received 16384 bytes back
Round trip time was 51.9388 milliseconds in repetition 59
tcp_ping received 16384 bytes back
Round trip time was 51.7005 milliseconds in repetition 60
tcp_ping received 16384 bytes back
Round trip time was 52.0223 milliseconds in repetition 61
tcp_ping received 16384 bytes back
Round trip time was 49.5981 milliseconds in repetition 62
tcp_ping received 16384 bytes back
Round trip time was 56.6154 milliseconds in repetition 63
tcp_ping received 16384 bytes back
Round trip time was 52.0672 milliseconds in repetition 64
tcp_ping received 16384 bytes back
Round trip time was 50.6303 milliseconds in repetition 65
tcp_ping received 16384 bytes back
Round trip time was 55.5081 milliseconds in repetition 66
tcp_ping received 16384 bytes back
Round trip time was 49.7351 milliseconds in repetition 67
tcp_ping received 16384 bytes back
Round trip time was 54.4077 milliseconds in repetition 68
tcp_ping received 16384 bytes back
Round trip time was 56.7307 milliseconds in repetition 69
tcp_ping received 16384 bytes back
Round trip time was 48.7534 milliseconds in repetition 70
tcp_ping received 16384 bytes back
Round trip time was 52.925 milliseconds in repetition 71
tcp_ping received 16384 bytes back
Round trip time was 61.8033 milliseconds in repetition 72
tcp_ping received 16384 bytes back
Round trip time was 51.0596 milliseconds in repetition 73
tcp_ping received 16384 bytes back
Round trip time was 51.1561 milliseconds in repetition 74
tcp_ping received 16384 bytes back
Round trip time was 51.203 milliseconds in repetition 75
tcp_ping received 16384 bytes back
Round trip time was 55.6564 milliseconds in repetition 76
tcp_ping received 16384 bytes back
Round trip time was 48.2751 milliseconds in repetition 77
tcp_ping received 16384 bytes back
Round trip time was 53.6379 milliseconds in repetition 78
tcp_ping received 16384 bytes back
Round trip time was 49.905 milliseconds in repetition 79
tcp_ping received 16384 bytes back
Round trip time was 51.2818 milliseconds in repetition 80
tcp_ping received 16384 bytes back
Round trip time was 49.9864 milliseconds in repetition 81
tcp_ping received 16384 bytes back
Round trip time was 53.9938 milliseconds in repetition 82
tcp_ping received 16384 bytes back
Round trip time was 48.9199 milliseconds in repetition 83
tcp_ping received 16384 bytes back
Round trip time was 52.4381 milliseconds in repetition 84
tcp_ping received 16384 bytes back
Round trip time was 50.5067 milliseconds in repetition 85
tcp_ping received 16384 bytes back
Round trip time was 49.7466 milliseconds in repetition 86
tcp_ping received 16384 bytes back
Round trip time was 52.1459 milliseconds in repetition 87
tcp_ping received 16384 bytes back
Round trip time was 50.0753 milliseconds in repetition 88
tcp_ping received 16384 bytes back
Round trip time was 48.5258 milliseconds in repetition 89
tcp_ping received 16384 bytes back
Round trip time was 53.3869 milliseconds in repetition 90
tcp_ping received 16384 bytes back
Round trip time was 61.2438 milliseconds in repetition 91
tcp_ping received 16384 bytes back
Round trip time was 49.8143 milliseconds in repetition 92
tcp_ping received 16384 bytes back
Round trip time was 51.2572 milliseconds in repetition 93
tcp_ping received 16384 bytes back
Round trip time was 49.3268 milliseconds in repetition 94
tcp_ping received 16384 bytes back
Round trip time was 64.2035 milliseconds in repetition 95
tcp_ping received 16384 bytes back
Round trip time was 54.5102 milliseconds in repetition 96
tcp_ping received 16384 bytes back
Round trip time was 50.2815 milliseconds in repetition 97
tcp_ping received 16384 bytes back
Round trip time was 51.5974 milliseconds in repetition 98
tcp_ping received 16384 bytes back
Round trip time was 49.3683 milliseconds in repetition 99
tcp_ping received 16384 bytes back
Round trip time was 54.6205 milliseconds in repetition 100
tcp_ping received 16384 bytes back
Round trip time was 49.3622 milliseconds in repetition 101

 ... clock resolution was 1e-06
TCP Ping:  Statistics over 101 repetitions of 16384 byte messages

RTT : percentile 10: 48.7534, median: 51.3812, percentile 90: 59.4697, average: 54.2276, variance: 119.722

RTT histogram:
52.054443 29
56.311802 46
60.569162 15
64.826521 5
69.083881 1
73.341240 1
77.598599 0
81.855959 0
86.113318 0
90.370677 1
94.628037 1
98.885396 1
103.142756 0
107.400115 0
111.657474 0
115.914834 0
120.172193 0
124.429553 0
128.686912 0
132.944272 0
137.201631 1
median Throughput : 637.743 KB/s   overall Throughput : 604.268 KB/s

