TCP Ping trying to connect to server webdev.dibris.unige.it (130.251.61.30) on port 1491
 ... connected to Pong server: asking for 101 repetitions of 384 bytes TCP messages
 ... Pong server agreed :-)
tcp_ping received 384 bytes back
Round trip time was 41.9072 milliseconds in repetition 1
tcp_ping received 384 bytes back
Round trip time was 41.4844 milliseconds in repetition 2
tcp_ping received 384 bytes back
Round trip time was 43.3994 milliseconds in repetition 3
tcp_ping received 384 bytes back
Round trip time was 39.9038 milliseconds in repetition 4
tcp_ping received 384 bytes back
Round trip time was 40.0797 milliseconds in repetition 5
tcp_ping received 384 bytes back
Round trip time was 39.2489 milliseconds in repetition 6
tcp_ping received 384 bytes back
Round trip time was 39.4183 milliseconds in repetition 7
tcp_ping received 384 bytes back
Round trip time was 38.8843 milliseconds in repetition 8
tcp_ping received 384 bytes back
Round trip time was 38.9306 milliseconds in repetition 9
tcp_ping received 384 bytes back
Round trip time was 40.3165 milliseconds in repetition 10
tcp_ping received 384 bytes back
Round trip time was 39.7525 milliseconds in repetition 11
tcp_ping received 384 bytes back
Round trip time was 40.2505 milliseconds in repetition 12
tcp_ping received 384 bytes back
Round trip time was 39.8819 milliseconds in repetition 13
tcp_ping received 384 bytes back
Round trip time was 39.5759 milliseconds in repetition 14
tcp_ping received 384 bytes back
Round trip time was 40.0244 milliseconds in repetition 15
tcp_ping received 384 bytes back
Round trip time was 38.4793 milliseconds in repetition 16
tcp_ping received 384 bytes back
Round trip time was 38.6879 milliseconds in repetition 17
tcp_ping received 384 bytes back
Round trip time was 38.8074 milliseconds in repetition 18
tcp_ping received 384 bytes back
Round trip time was 38.8184 milliseconds in repetition 19
tcp_ping received 384 bytes back
Round trip time was 38.681 milliseconds in repetition 20
tcp_ping received 384 bytes back
Round trip time was 39.3009 milliseconds in repetition 21
tcp_ping received 384 bytes back
Round trip time was 39.3866 milliseconds in repetition 22
tcp_ping received 384 bytes back
Round trip time was 41.0459 milliseconds in repetition 23
tcp_ping received 384 bytes back
Round trip time was 40.2353 milliseconds in repetition 24
tcp_ping received 384 bytes back
Round trip time was 39.9577 milliseconds in repetition 25
tcp_ping received 384 bytes back
Round trip time was 39.9211 milliseconds in repetition 26
tcp_ping received 384 bytes back
Round trip time was 38.7841 milliseconds in repetition 27
tcp_ping received 384 bytes back
Round trip time was 38.69 milliseconds in repetition 28
tcp_ping received 384 bytes back
Round trip time was 40.3397 milliseconds in repetition 29
tcp_ping received 384 bytes back
Round trip time was 41.7443 milliseconds in repetition 30
tcp_ping received 384 bytes back
Round trip time was 39.4121 milliseconds in repetition 31
tcp_ping received 384 bytes back
Round trip time was 39.8149 milliseconds in repetition 32
tcp_ping received 384 bytes back
Round trip time was 40.2818 milliseconds in repetition 33
tcp_ping received 384 bytes back
Round trip time was 39.7047 milliseconds in repetition 34
tcp_ping received 384 bytes back
Round trip time was 38.4728 milliseconds in repetition 35
tcp_ping received 384 bytes back
Round trip time was 39.1481 milliseconds in repetition 36
tcp_ping received 384 bytes back
Round trip time was 38.349 milliseconds in repetition 37
tcp_ping received 384 bytes back
Round trip time was 42.9889 milliseconds in repetition 38
tcp_ping received 384 bytes back
Round trip time was 42.7326 milliseconds in repetition 39
tcp_ping received 384 bytes back
Round trip time was 43.0325 milliseconds in repetition 40
tcp_ping received 384 bytes back
Round trip time was 39.6747 milliseconds in repetition 41
tcp_ping received 384 bytes back
Round trip time was 39.244 milliseconds in repetition 42
tcp_ping received 384 bytes back
Round trip time was 41.1796 milliseconds in repetition 43
tcp_ping received 384 bytes back
Round trip time was 40.6146 milliseconds in repetition 44
tcp_ping received 384 bytes back
Round trip time was 41.7198 milliseconds in repetition 45
tcp_ping received 384 bytes back
Round trip time was 159.25 milliseconds in repetition 46
tcp_ping received 384 bytes back
Round trip time was 39.2987 milliseconds in repetition 47
tcp_ping received 384 bytes back
Round trip time was 38.7218 milliseconds in repetition 48
tcp_ping received 384 bytes back
Round trip time was 40.315 milliseconds in repetition 49
tcp_ping received 384 bytes back
Round trip time was 39.4517 milliseconds in repetition 50
tcp_ping received 384 bytes back
Round trip time was 165.333 milliseconds in repetition 51
tcp_ping received 384 bytes back
Round trip time was 38.7565 milliseconds in repetition 52
tcp_ping received 384 bytes back
Round trip time was 40.6148 milliseconds in repetition 53
tcp_ping received 384 bytes back
Round trip time was 38.971 milliseconds in repetition 54
tcp_ping received 384 bytes back
Round trip time was 38.9134 milliseconds in repetition 55
tcp_ping received 384 bytes back
Round trip time was 39.3681 milliseconds in repetition 56
tcp_ping received 384 bytes back
Round trip time was 126.436 milliseconds in repetition 57
tcp_ping received 384 bytes back
Round trip time was 38.7926 milliseconds in repetition 58
tcp_ping received 384 bytes back
Round trip time was 39.1632 milliseconds in repetition 59
tcp_ping received 384 bytes back
Round trip time was 39.3799 milliseconds in repetition 60
tcp_ping received 384 bytes back
Round trip time was 38.8956 milliseconds in repetition 61
tcp_ping received 384 bytes back
Round trip time was 38.6311 milliseconds in repetition 62
tcp_ping received 384 bytes back
Round trip time was 137.283 milliseconds in repetition 63
tcp_ping received 384 bytes back
Round trip time was 48.2828 milliseconds in repetition 64
tcp_ping received 384 bytes back
Round trip time was 41.9615 milliseconds in repetition 65
tcp_ping received 384 bytes back
Round trip time was 38.9533 milliseconds in repetition 66
tcp_ping received 384 bytes back
Round trip time was 39.7832 milliseconds in repetition 67
tcp_ping received 384 bytes back
Round trip time was 151.929 milliseconds in repetition 68
tcp_ping received 384 bytes back
Round trip time was 39.2545 milliseconds in repetition 69
tcp_ping received 384 bytes back
Round trip time was 39.9178 milliseconds in repetition 70
tcp_ping received 384 bytes back
Round trip time was 38.6974 milliseconds in repetition 71
tcp_ping received 384 bytes back
Round trip time was 39.1077 milliseconds in repetition 72
tcp_ping received 384 bytes back
Round trip time was 38.5124 milliseconds in repetition 73
tcp_ping received 384 bytes back
Round trip time was 128.244 milliseconds in repetition 74
tcp_ping received 384 bytes back
Round trip time was 40.4473 milliseconds in repetition 75
tcp_ping received 384 bytes back
Round trip time was 38.7007 milliseconds in repetition 76
tcp_ping received 384 bytes back
Round trip time was 38.7854 milliseconds in repetition 77
tcp_ping received 384 bytes back
Round trip time was 39.0297 milliseconds in repetition 78
tcp_ping received 384 bytes back
Round trip time was 38.9049 milliseconds in repetition 79
tcp_ping received 384 bytes back
Round trip time was 39.4941 milliseconds in repetition 80
tcp_ping received 384 bytes back
Round trip time was 38.6534 milliseconds in repetition 81
tcp_ping received 384 bytes back
Round trip time was 40.9526 milliseconds in repetition 82
tcp_ping received 384 bytes back
Round trip time was 40.7678 milliseconds in repetition 83
tcp_ping received 384 bytes back
Round trip time was 39.8077 milliseconds in repetition 84
tcp_ping received 384 bytes back
Round trip time was 38.4848 milliseconds in repetition 85
tcp_ping received 384 bytes back
Round trip time was 38.7572 milliseconds in repetition 86
tcp_ping received 384 bytes back
Round trip time was 39.2119 milliseconds in repetition 87
tcp_ping received 384 bytes back
Round trip time was 38.8238 milliseconds in repetition 88
tcp_ping received 384 bytes back
Round trip time was 39.8353 milliseconds in repetition 89
tcp_ping received 384 bytes back
Round trip time was 39.0522 milliseconds in repetition 90
tcp_ping received 384 bytes back
Round trip time was 38.7056 milliseconds in repetition 91
tcp_ping received 384 bytes back
Round trip time was 38.673 milliseconds in repetition 92
tcp_ping received 384 bytes back
Round trip time was 38.8122 milliseconds in repetition 93
tcp_ping received 384 bytes back
Round trip time was 38.4485 milliseconds in repetition 94
tcp_ping received 384 bytes back
Round trip time was 38.7633 milliseconds in repetition 95
tcp_ping received 384 bytes back
Round trip time was 41.3693 milliseconds in repetition 96
tcp_ping received 384 bytes back
Round trip time was 38.5831 milliseconds in repetition 97
tcp_ping received 384 bytes back
Round trip time was 41.441 milliseconds in repetition 98
tcp_ping received 384 bytes back
Round trip time was 38.9935 milliseconds in repetition 99
tcp_ping received 384 bytes back
Round trip time was 38.3782 milliseconds in repetition 100
tcp_ping received 384 bytes back
Round trip time was 39.4103 milliseconds in repetition 101

 ... clock resolution was 1e-06
TCP Ping:  Statistics over 101 repetitions of 384 byte messages

RTT : percentile 10: 38.673, median: 39.4103, percentile 90: 42.7326, average: 45.9982, variance: 637.47

RTT histogram:
44.698155 86
51.047332 8
57.396509 1
63.745686 0
70.094863 0
76.444040 0
82.793216 0
89.142393 0
95.491570 0
101.840747 0
108.189924 0
114.539101 0
120.888278 0
127.237454 0
133.586631 2
139.935808 0
146.284985 1
152.634162 0
158.983339 1
165.332516 1
171.681692 1
median Throughput : 19.4873 KB/s   overall Throughput : 16.6963 KB/s

