TCP Ping trying to connect to server webdev.dibris.unige.it (130.251.61.30) on port 1491
 ... connected to Pong server: asking for 101 repetitions of 24 bytes TCP messages
 ... Pong server agreed :-)
tcp_ping received 24 bytes back
Round trip time was 39.4913 milliseconds in repetition 1
tcp_ping received 24 bytes back
Round trip time was 38.5883 milliseconds in repetition 2
tcp_ping received 24 bytes back
Round trip time was 37.8273 milliseconds in repetition 3
tcp_ping received 24 bytes back
Round trip time was 38.5724 milliseconds in repetition 4
tcp_ping received 24 bytes back
Round trip time was 38.6785 milliseconds in repetition 5
tcp_ping received 24 bytes back
Round trip time was 38.7307 milliseconds in repetition 6
tcp_ping received 24 bytes back
Round trip time was 39.4208 milliseconds in repetition 7
tcp_ping received 24 bytes back
Round trip time was 37.828 milliseconds in repetition 8
tcp_ping received 24 bytes back
Round trip time was 37.4729 milliseconds in repetition 9
tcp_ping received 24 bytes back
Round trip time was 37.6388 milliseconds in repetition 10
tcp_ping received 24 bytes back
Round trip time was 39.0368 milliseconds in repetition 11
tcp_ping received 24 bytes back
Round trip time was 38.3401 milliseconds in repetition 12
tcp_ping received 24 bytes back
Round trip time was 37.5387 milliseconds in repetition 13
tcp_ping received 24 bytes back
Round trip time was 38.6683 milliseconds in repetition 14
tcp_ping received 24 bytes back
Round trip time was 38.7791 milliseconds in repetition 15
tcp_ping received 24 bytes back
Round trip time was 39.0149 milliseconds in repetition 16
tcp_ping received 24 bytes back
Round trip time was 38.4994 milliseconds in repetition 17
tcp_ping received 24 bytes back
Round trip time was 38.7941 milliseconds in repetition 18
tcp_ping received 24 bytes back
Round trip time was 38.649 milliseconds in repetition 19
tcp_ping received 24 bytes back
Round trip time was 39.0152 milliseconds in repetition 20
tcp_ping received 24 bytes back
Round trip time was 38.5617 milliseconds in repetition 21
tcp_ping received 24 bytes back
Round trip time was 43.8435 milliseconds in repetition 22
tcp_ping received 24 bytes back
Round trip time was 38.53 milliseconds in repetition 23
tcp_ping received 24 bytes back
Round trip time was 39.6416 milliseconds in repetition 24
tcp_ping received 24 bytes back
Round trip time was 55.1323 milliseconds in repetition 25
tcp_ping received 24 bytes back
Round trip time was 37.7623 milliseconds in repetition 26
tcp_ping received 24 bytes back
Round trip time was 39.1459 milliseconds in repetition 27
tcp_ping received 24 bytes back
Round trip time was 38.4381 milliseconds in repetition 28
tcp_ping received 24 bytes back
Round trip time was 38.6937 milliseconds in repetition 29
tcp_ping received 24 bytes back
Round trip time was 38.6986 milliseconds in repetition 30
tcp_ping received 24 bytes back
Round trip time was 40.0276 milliseconds in repetition 31
tcp_ping received 24 bytes back
Round trip time was 38.5601 milliseconds in repetition 32
tcp_ping received 24 bytes back
Round trip time was 37.8498 milliseconds in repetition 33
tcp_ping received 24 bytes back
Round trip time was 40.1504 milliseconds in repetition 34
tcp_ping received 24 bytes back
Round trip time was 38.3073 milliseconds in repetition 35
tcp_ping received 24 bytes back
Round trip time was 37.4028 milliseconds in repetition 36
tcp_ping received 24 bytes back
Round trip time was 41.1308 milliseconds in repetition 37
tcp_ping received 24 bytes back
Round trip time was 37.5692 milliseconds in repetition 38
tcp_ping received 24 bytes back
Round trip time was 37.5319 milliseconds in repetition 39
tcp_ping received 24 bytes back
Round trip time was 38.6901 milliseconds in repetition 40
tcp_ping received 24 bytes back
Round trip time was 39.4392 milliseconds in repetition 41
tcp_ping received 24 bytes back
Round trip time was 38.4692 milliseconds in repetition 42
tcp_ping received 24 bytes back
Round trip time was 38.696 milliseconds in repetition 43
tcp_ping received 24 bytes back
Round trip time was 44.5678 milliseconds in repetition 44
tcp_ping received 24 bytes back
Round trip time was 40.9006 milliseconds in repetition 45
tcp_ping received 24 bytes back
Round trip time was 38.394 milliseconds in repetition 46
tcp_ping received 24 bytes back
Round trip time was 37.7415 milliseconds in repetition 47
tcp_ping received 24 bytes back
Round trip time was 40.9804 milliseconds in repetition 48
tcp_ping received 24 bytes back
Round trip time was 37.802 milliseconds in repetition 49
tcp_ping received 24 bytes back
Round trip time was 38.3658 milliseconds in repetition 50
tcp_ping received 24 bytes back
Round trip time was 40.0571 milliseconds in repetition 51
tcp_ping received 24 bytes back
Round trip time was 38.5325 milliseconds in repetition 52
tcp_ping received 24 bytes back
Round trip time was 38.8905 milliseconds in repetition 53
tcp_ping received 24 bytes back
Round trip time was 38.8493 milliseconds in repetition 54
tcp_ping received 24 bytes back
Round trip time was 38.5956 milliseconds in repetition 55
tcp_ping received 24 bytes back
Round trip time was 41.3703 milliseconds in repetition 56
tcp_ping received 24 bytes back
Round trip time was 41.1394 milliseconds in repetition 57
tcp_ping received 24 bytes back
Round trip time was 40.0758 milliseconds in repetition 58
tcp_ping received 24 bytes back
Round trip time was 39.7321 milliseconds in repetition 59
tcp_ping received 24 bytes back
Round trip time was 41.2588 milliseconds in repetition 60
tcp_ping received 24 bytes back
Round trip time was 38.8929 milliseconds in repetition 61
tcp_ping received 24 bytes back
Round trip time was 38.5138 milliseconds in repetition 62
tcp_ping received 24 bytes back
Round trip time was 38.952 milliseconds in repetition 63
tcp_ping received 24 bytes back
Round trip time was 38.5056 milliseconds in repetition 64
tcp_ping received 24 bytes back
Round trip time was 38.7622 milliseconds in repetition 65
tcp_ping received 24 bytes back
Round trip time was 38.5715 milliseconds in repetition 66
tcp_ping received 24 bytes back
Round trip time was 39.1009 milliseconds in repetition 67
tcp_ping received 24 bytes back
Round trip time was 45.2105 milliseconds in repetition 68
tcp_ping received 24 bytes back
Round trip time was 40.2887 milliseconds in repetition 69
tcp_ping received 24 bytes back
Round trip time was 39.1612 milliseconds in repetition 70
tcp_ping received 24 bytes back
Round trip time was 38.767 milliseconds in repetition 71
tcp_ping received 24 bytes back
Round trip time was 45.4037 milliseconds in repetition 72
tcp_ping received 24 bytes back
Round trip time was 39.8003 milliseconds in repetition 73
tcp_ping received 24 bytes back
Round trip time was 42.315 milliseconds in repetition 74
tcp_ping received 24 bytes back
Round trip time was 38.7488 milliseconds in repetition 75
tcp_ping received 24 bytes back
Round trip time was 38.6472 milliseconds in repetition 76
tcp_ping received 24 bytes back
Round trip time was 38.7529 milliseconds in repetition 77
tcp_ping received 24 bytes back
Round trip time was 38.6048 milliseconds in repetition 78
tcp_ping received 24 bytes back
Round trip time was 41.3494 milliseconds in repetition 79
tcp_ping received 24 bytes back
Round trip time was 39.5315 milliseconds in repetition 80
tcp_ping received 24 bytes back
Round trip time was 39.7851 milliseconds in repetition 81
tcp_ping received 24 bytes back
Round trip time was 41.5265 milliseconds in repetition 82
tcp_ping received 24 bytes back
Round trip time was 40.2585 milliseconds in repetition 83
tcp_ping received 24 bytes back
Round trip time was 38.9003 milliseconds in repetition 84
tcp_ping received 24 bytes back
Round trip time was 38.7013 milliseconds in repetition 85
tcp_ping received 24 bytes back
Round trip time was 41.1749 milliseconds in repetition 86
tcp_ping received 24 bytes back
Round trip time was 39.3967 milliseconds in repetition 87
tcp_ping received 24 bytes back
Round trip time was 38.0855 milliseconds in repetition 88
tcp_ping received 24 bytes back
Round trip time was 41.1986 milliseconds in repetition 89
tcp_ping received 24 bytes back
Round trip time was 39.4618 milliseconds in repetition 90
tcp_ping received 24 bytes back
Round trip time was 40.9904 milliseconds in repetition 91
tcp_ping received 24 bytes back
Round trip time was 38.841 milliseconds in repetition 92
tcp_ping received 24 bytes back
Round trip time was 38.5405 milliseconds in repetition 93
tcp_ping received 24 bytes back
Round trip time was 40.1859 milliseconds in repetition 94
tcp_ping received 24 bytes back
Round trip time was 39.9786 milliseconds in repetition 95
tcp_ping received 24 bytes back
Round trip time was 38.7859 milliseconds in repetition 96
tcp_ping received 24 bytes back
Round trip time was 39.8748 milliseconds in repetition 97
tcp_ping received 24 bytes back
Round trip time was 39.994 milliseconds in repetition 98
tcp_ping received 24 bytes back
Round trip time was 40.0369 milliseconds in repetition 99
tcp_ping received 24 bytes back
Round trip time was 45.4471 milliseconds in repetition 100
tcp_ping received 24 bytes back
Round trip time was 40.7216 milliseconds in repetition 101

 ... clock resolution was 1e-06
TCP Ping:  Statistics over 101 repetitions of 24 byte messages

RTT : percentile 10: 37.828, median: 38.8493, percentile 90: 41.2588, average: 39.6027, variance: 5.11425

RTT histogram:
38.289249 11
39.175724 31
40.062199 25
40.948674 15
41.835149 11
42.721624 1
43.608100 1
44.494575 1
45.381050 1
46.267525 3
47.154000 0
48.040475 0
48.926950 0
49.813426 0
50.699901 0
51.586376 0
52.472851 0
53.359326 0
54.245801 0
55.132277 0
56.018752 1
median Throughput : 1.23554 KB/s   overall Throughput : 1.21204 KB/s

