UDP Ping trying to connect to server webdev.dibris.unige.it (130.251.61.30) on TCP port 1491
 ... connected to Pong server: asking for 101 repetitions of 384 _bytes UDP messages
 ... Pong server agreed to ping-pong using port 62831 :-)
Round trip time was 39.997 milliseconds in repetition 1
Round trip time was 40.997 milliseconds in repetition 2
Round trip time was 37.837 milliseconds in repetition 3
Round trip time was 43.414 milliseconds in repetition 4
Round trip time was 40.588 milliseconds in repetition 5
Round trip time was 41.775 milliseconds in repetition 6
Round trip time was 42.008 milliseconds in repetition 7
Round trip time was 37.797 milliseconds in repetition 8
Round trip time was 38.742 milliseconds in repetition 9
Round trip time was 40.085 milliseconds in repetition 10
Round trip time was 38.854 milliseconds in repetition 11
Round trip time was 37.544 milliseconds in repetition 12
Round trip time was 41.176 milliseconds in repetition 13
Round trip time was 41.181 milliseconds in repetition 14
Round trip time was 39.974 milliseconds in repetition 15
Round trip time was 38.639 milliseconds in repetition 16
Round trip time was 37.467 milliseconds in repetition 17
Round trip time was 39.958 milliseconds in repetition 18
Round trip time was 38.890 milliseconds in repetition 19
Round trip time was 37.267 milliseconds in repetition 20
Round trip time was 41.370 milliseconds in repetition 21
Round trip time was 37.862 milliseconds in repetition 22
Round trip time was 38.376 milliseconds in repetition 23
Round trip time was 37.394 milliseconds in repetition 24
Round trip time was 37.480 milliseconds in repetition 25
Round trip time was 37.400 milliseconds in repetition 26
Round trip time was 38.903 milliseconds in repetition 27
Round trip time was 38.813 milliseconds in repetition 28
Round trip time was 38.482 milliseconds in repetition 29
Round trip time was 37.966 milliseconds in repetition 30
Round trip time was 43.184 milliseconds in repetition 31
Round trip time was 40.088 milliseconds in repetition 32
Round trip time was 38.360 milliseconds in repetition 33
Round trip time was 39.365 milliseconds in repetition 34
Round trip time was 37.060 milliseconds in repetition 35
Round trip time was 37.587 milliseconds in repetition 36
Round trip time was 39.969 milliseconds in repetition 37
Round trip time was 42.434 milliseconds in repetition 38
Round trip time was 40.211 milliseconds in repetition 39
Round trip time was 41.007 milliseconds in repetition 40
Round trip time was 37.529 milliseconds in repetition 41
Round trip time was 38.686 milliseconds in repetition 42
Round trip time was 38.771 milliseconds in repetition 43
Round trip time was 37.321 milliseconds in repetition 44
Round trip time was 40.088 milliseconds in repetition 45
Round trip time was 41.209 milliseconds in repetition 46
Round trip time was 38.721 milliseconds in repetition 47
Round trip time was 39.498 milliseconds in repetition 48
Round trip time was 39.990 milliseconds in repetition 49
Round trip time was 39.485 milliseconds in repetition 50
Round trip time was 38.437 milliseconds in repetition 51
Round trip time was 38.018 milliseconds in repetition 52
Round trip time was 40.483 milliseconds in repetition 53
Round trip time was 39.971 milliseconds in repetition 54
Round trip time was 38.792 milliseconds in repetition 55
Round trip time was 40.175 milliseconds in repetition 56
Round trip time was 38.738 milliseconds in repetition 57
Round trip time was 42.941 milliseconds in repetition 58
Round trip time was 40.704 milliseconds in repetition 59
Round trip time was 37.534 milliseconds in repetition 60
Round trip time was 39.399 milliseconds in repetition 61
Round trip time was 37.889 milliseconds in repetition 62
Round trip time was 38.666 milliseconds in repetition 63
Round trip time was 40.030 milliseconds in repetition 64
Round trip time was 39.542 milliseconds in repetition 65
Round trip time was 40.402 milliseconds in repetition 66
Round trip time was 37.620 milliseconds in repetition 67
Round trip time was 37.355 milliseconds in repetition 68
Round trip time was 39.357 milliseconds in repetition 69
Round trip time was 41.287 milliseconds in repetition 70
Round trip time was 37.562 milliseconds in repetition 71
Round trip time was 39.895 milliseconds in repetition 72
Round trip time was 38.781 milliseconds in repetition 73
Round trip time was 37.494 milliseconds in repetition 74
Round trip time was 37.651 milliseconds in repetition 75
Round trip time was 37.822 milliseconds in repetition 76
Round trip time was 44.475 milliseconds in repetition 77
Round trip time was 39.804 milliseconds in repetition 78
Round trip time was 39.952 milliseconds in repetition 79
Round trip time was 40.235 milliseconds in repetition 80
Round trip time was 41.206 milliseconds in repetition 81
Round trip time was 41.252 milliseconds in repetition 82
Round trip time was 41.661 milliseconds in repetition 83
Round trip time was 38.280 milliseconds in repetition 84
Round trip time was 39.946 milliseconds in repetition 85
Round trip time was 39.914 milliseconds in repetition 86
Round trip time was 37.507 milliseconds in repetition 87
Round trip time was 39.951 milliseconds in repetition 88
Round trip time was 41.351 milliseconds in repetition 89
Round trip time was 39.431 milliseconds in repetition 90
Round trip time was 41.292 milliseconds in repetition 91
Round trip time was 37.762 milliseconds in repetition 92
Round trip time was 39.530 milliseconds in repetition 93
Round trip time was 38.076 milliseconds in repetition 94
Round trip time was 38.647 milliseconds in repetition 95
Round trip time was 40.464 milliseconds in repetition 96
Round trip time was 38.265 milliseconds in repetition 97
Round trip time was 37.397 milliseconds in repetition 98
Round trip time was 38.701 milliseconds in repetition 99
Round trip time was 37.368 milliseconds in repetition 100
Round trip time was 38.677 milliseconds in repetition 101

 ... clock resolution was 1e-06
UDP Ping:  Statistics over 101 repetitions of 384 byte messages

RTT : percentile 10: 37.4936, median: 39.3566, percentile 90: 41.2916, average: 39.3711, variance: 2.51967

RTT histogram:
37.430644 1
37.801377 16
38.172110 9
38.542843 4
38.913576 11
39.284309 9
39.655042 4
40.025775 5
40.396508 17
40.767241 4
41.137974 2
41.508707 9
41.879440 3
42.250173 2
42.620906 1
42.991639 0
43.362372 1
43.733105 2
44.103838 0
44.474570 0
44.845303 1
median Throughput : 19.5139 KB/s   overall Throughput : 19.5067 KB/s

