UDP Ping trying to connect to server webdev.dibris.unige.it (130.251.61.30) on TCP port 1491
 ... connected to Pong server: asking for 101 repetitions of 24 _bytes UDP messages
 ... Pong server agreed to ping-pong using port 62831 :-)
Round trip time was 42.306 milliseconds in repetition 1
Round trip time was 50.697 milliseconds in repetition 2
Round trip time was 41.645 milliseconds in repetition 3
Round trip time was 41.164 milliseconds in repetition 4
Round trip time was 43.482 milliseconds in repetition 5
Round trip time was 40.535 milliseconds in repetition 6
Round trip time was 40.554 milliseconds in repetition 7
Round trip time was 40.045 milliseconds in repetition 8
Round trip time was 39.890 milliseconds in repetition 9
Round trip time was 40.038 milliseconds in repetition 10
Round trip time was 39.871 milliseconds in repetition 11
Round trip time was 40.194 milliseconds in repetition 12
Round trip time was 39.823 milliseconds in repetition 13
Round trip time was 41.301 milliseconds in repetition 14
Round trip time was 39.898 milliseconds in repetition 15
Round trip time was 41.266 milliseconds in repetition 16
Round trip time was 40.037 milliseconds in repetition 17
Round trip time was 39.920 milliseconds in repetition 18
Round trip time was 39.986 milliseconds in repetition 19
Round trip time was 39.846 milliseconds in repetition 20
Round trip time was 40.059 milliseconds in repetition 21
Round trip time was 39.997 milliseconds in repetition 22
Round trip time was 40.031 milliseconds in repetition 23
Round trip time was 39.933 milliseconds in repetition 24
Round trip time was 39.895 milliseconds in repetition 25
Round trip time was 41.681 milliseconds in repetition 26
Round trip time was 39.702 milliseconds in repetition 27
Round trip time was 39.919 milliseconds in repetition 28
Round trip time was 40.328 milliseconds in repetition 29
Round trip time was 41.638 milliseconds in repetition 30
Round trip time was 47.138 milliseconds in repetition 31
Round trip time was 43.263 milliseconds in repetition 32
Round trip time was 40.013 milliseconds in repetition 33
Round trip time was 41.231 milliseconds in repetition 34
Round trip time was 39.848 milliseconds in repetition 35
Round trip time was 40.004 milliseconds in repetition 36
Round trip time was 40.069 milliseconds in repetition 37
Round trip time was 39.855 milliseconds in repetition 38
Round trip time was 40.143 milliseconds in repetition 39
Round trip time was 39.846 milliseconds in repetition 40
Round trip time was 40.492 milliseconds in repetition 41
Round trip time was 43.102 milliseconds in repetition 42
Round trip time was 40.047 milliseconds in repetition 43
Round trip time was 40.196 milliseconds in repetition 44
Round trip time was 40.181 milliseconds in repetition 45
Round trip time was 41.798 milliseconds in repetition 46
Round trip time was 40.322 milliseconds in repetition 47
Round trip time was 40.079 milliseconds in repetition 48
Round trip time was 41.068 milliseconds in repetition 49
Round trip time was 39.965 milliseconds in repetition 50
Round trip time was 40.085 milliseconds in repetition 51
Round trip time was 44.914 milliseconds in repetition 52
Round trip time was 40.068 milliseconds in repetition 53
Round trip time was 39.861 milliseconds in repetition 54
Round trip time was 40.044 milliseconds in repetition 55
Round trip time was 42.962 milliseconds in repetition 56
Round trip time was 45.875 milliseconds in repetition 57
Round trip time was 41.028 milliseconds in repetition 58
Round trip time was 40.038 milliseconds in repetition 59
Round trip time was 40.459 milliseconds in repetition 60
Round trip time was 39.371 milliseconds in repetition 61
Round trip time was 40.103 milliseconds in repetition 62
Round trip time was 39.849 milliseconds in repetition 63
Round trip time was 41.431 milliseconds in repetition 64
Round trip time was 40.737 milliseconds in repetition 65
Round trip time was 44.166 milliseconds in repetition 66
Round trip time was 40.026 milliseconds in repetition 67
Round trip time was 43.438 milliseconds in repetition 68
Round trip time was 40.673 milliseconds in repetition 69
Round trip time was 39.951 milliseconds in repetition 70
Round trip time was 39.893 milliseconds in repetition 71
Round trip time was 39.976 milliseconds in repetition 72
Round trip time was 40.670 milliseconds in repetition 73
Round trip time was 40.496 milliseconds in repetition 74
Round trip time was 40.093 milliseconds in repetition 75
Round trip time was 40.333 milliseconds in repetition 76
Round trip time was 43.567 milliseconds in repetition 77
Round trip time was 39.890 milliseconds in repetition 78
Round trip time was 42.500 milliseconds in repetition 79
Round trip time was 40.357 milliseconds in repetition 80
Round trip time was 45.319 milliseconds in repetition 81
Round trip time was 39.180 milliseconds in repetition 82
Round trip time was 40.073 milliseconds in repetition 83
Round trip time was 39.736 milliseconds in repetition 84
Round trip time was 40.892 milliseconds in repetition 85
Round trip time was 39.733 milliseconds in repetition 86
Round trip time was 39.619 milliseconds in repetition 87
Round trip time was 39.970 milliseconds in repetition 88
Round trip time was 39.953 milliseconds in repetition 89
Round trip time was 39.952 milliseconds in repetition 90
Round trip time was 39.951 milliseconds in repetition 91
Round trip time was 41.215 milliseconds in repetition 92
Round trip time was 40.016 milliseconds in repetition 93
Round trip time was 39.826 milliseconds in repetition 94
Round trip time was 40.467 milliseconds in repetition 95
Round trip time was 39.613 milliseconds in repetition 96
Round trip time was 40.006 milliseconds in repetition 97
Round trip time was 40.296 milliseconds in repetition 98
Round trip time was 40.425 milliseconds in repetition 99
Round trip time was 40.316 milliseconds in repetition 100
Round trip time was 40.164 milliseconds in repetition 101

 ... clock resolution was 1e-06
UDP Ping:  Statistics over 101 repetitions of 24 byte messages

RTT : percentile 10: 39.8464, median: 40.0847, percentile 90: 43.1015, average: 40.8309, variance: 3.07241

RTT histogram:
39.755816 2
40.331649 40
40.907482 29
41.483316 7
42.059149 8
42.634982 2
43.210815 1
43.786649 5
44.362482 1
44.938315 1
45.514148 1
46.089982 1
46.665815 1
47.241648 0
47.817481 1
48.393315 0
48.969148 0
49.544981 0
50.120814 0
50.696648 0
51.272481 1
median Throughput : 1.19747 KB/s   overall Throughput : 1.17558 KB/s

