UDP Ping trying to connect to server webdev.dibris.unige.it (130.251.61.30) on TCP port 1491
 ... connected to Pong server: asking for 101 repetitions of 64 _bytes UDP messages
 ... Pong server agreed to ping-pong using port 62831 :-)
Round trip time was 43.060 milliseconds in repetition 1
Round trip time was 42.558 milliseconds in repetition 2
Round trip time was 41.869 milliseconds in repetition 3
Round trip time was 87.975 milliseconds in repetition 4
Round trip time was 39.312 milliseconds in repetition 5
Round trip time was 38.655 milliseconds in repetition 6
Round trip time was 38.768 milliseconds in repetition 7
Round trip time was 38.607 milliseconds in repetition 8
Round trip time was 40.149 milliseconds in repetition 9
Round trip time was 91.049 milliseconds in repetition 10
Round trip time was 43.641 milliseconds in repetition 11
Round trip time was 38.866 milliseconds in repetition 12
Round trip time was 38.733 milliseconds in repetition 13
Round trip time was 40.100 milliseconds in repetition 14
Round trip time was 38.783 milliseconds in repetition 15
Round trip time was 164.769 milliseconds in repetition 16
Round trip time was 39.942 milliseconds in repetition 17
Round trip time was 41.918 milliseconds in repetition 18
Round trip time was 42.439 milliseconds in repetition 19
Round trip time was 162.059 milliseconds in repetition 20
Round trip time was 39.132 milliseconds in repetition 21
Round trip time was 41.828 milliseconds in repetition 22
Round trip time was 38.547 milliseconds in repetition 23
Round trip time was 44.349 milliseconds in repetition 24
Round trip time was 39.781 milliseconds in repetition 25
Round trip time was 40.221 milliseconds in repetition 26
Round trip time was 42.883 milliseconds in repetition 27
Round trip time was 39.559 milliseconds in repetition 28
Round trip time was 39.562 milliseconds in repetition 29
Round trip time was 42.288 milliseconds in repetition 30
Round trip time was 38.936 milliseconds in repetition 31
Round trip time was 38.422 milliseconds in repetition 32
Round trip time was 43.418 milliseconds in repetition 33
Round trip time was 37.856 milliseconds in repetition 34
Round trip time was 40.382 milliseconds in repetition 35
Round trip time was 38.413 milliseconds in repetition 36
Round trip time was 45.131 milliseconds in repetition 37
Round trip time was 38.611 milliseconds in repetition 38
Round trip time was 40.359 milliseconds in repetition 39
Round trip time was 38.430 milliseconds in repetition 40
Round trip time was 43.793 milliseconds in repetition 41
Round trip time was 39.961 milliseconds in repetition 42
Round trip time was 38.660 milliseconds in repetition 43
Round trip time was 39.930 milliseconds in repetition 44
Round trip time was 40.065 milliseconds in repetition 45
Round trip time was 39.069 milliseconds in repetition 46
Round trip time was 39.650 milliseconds in repetition 47
Round trip time was 39.940 milliseconds in repetition 48
Round trip time was 38.749 milliseconds in repetition 49
Round trip time was 38.677 milliseconds in repetition 50
Round trip time was 38.764 milliseconds in repetition 51
Round trip time was 39.098 milliseconds in repetition 52
Round trip time was 39.506 milliseconds in repetition 53
Round trip time was 39.957 milliseconds in repetition 54
Round trip time was 38.828 milliseconds in repetition 55
Round trip time was 38.700 milliseconds in repetition 56
Round trip time was 39.985 milliseconds in repetition 57
Round trip time was 38.703 milliseconds in repetition 58
Round trip time was 38.673 milliseconds in repetition 59
Round trip time was 40.027 milliseconds in repetition 60
Round trip time was 38.723 milliseconds in repetition 61
Round trip time was 39.958 milliseconds in repetition 62
Round trip time was 37.634 milliseconds in repetition 63
Round trip time was 42.386 milliseconds in repetition 64
Round trip time was 39.273 milliseconds in repetition 65
Round trip time was 39.465 milliseconds in repetition 66
Round trip time was 39.993 milliseconds in repetition 67
Round trip time was 38.478 milliseconds in repetition 68
Round trip time was 39.878 milliseconds in repetition 69
Round trip time was 39.870 milliseconds in repetition 70
Round trip time was 39.910 milliseconds in repetition 71
Round trip time was 38.709 milliseconds in repetition 72
Round trip time was 40.010 milliseconds in repetition 73
Round trip time was 41.128 milliseconds in repetition 74
Round trip time was 38.816 milliseconds in repetition 75
Round trip time was 39.063 milliseconds in repetition 76
Round trip time was 39.619 milliseconds in repetition 77
Round trip time was 40.454 milliseconds in repetition 78
Round trip time was 39.526 milliseconds in repetition 79
Round trip time was 39.906 milliseconds in repetition 80
Round trip time was 42.563 milliseconds in repetition 81
Round trip time was 41.209 milliseconds in repetition 82
Round trip time was 44.894 milliseconds in repetition 83
Round trip time was 37.656 milliseconds in repetition 84
Round trip time was 38.616 milliseconds in repetition 85
Round trip time was 58.729 milliseconds in repetition 86
Round trip time was 38.651 milliseconds in repetition 87
Round trip time was 40.114 milliseconds in repetition 88
Round trip time was 39.906 milliseconds in repetition 89
Round trip time was 38.913 milliseconds in repetition 90
Round trip time was 38.535 milliseconds in repetition 91
Round trip time was 38.699 milliseconds in repetition 92
Round trip time was 40.050 milliseconds in repetition 93
Round trip time was 38.708 milliseconds in repetition 94
Round trip time was 38.482 milliseconds in repetition 95
Round trip time was 40.589 milliseconds in repetition 96
Round trip time was 39.406 milliseconds in repetition 97
Round trip time was 39.966 milliseconds in repetition 98
Round trip time was 39.752 milliseconds in repetition 99
Round trip time was 40.391 milliseconds in repetition 100
Round trip time was 38.702 milliseconds in repetition 101

 ... clock resolution was 1e-06
UDP Ping:  Statistics over 101 repetitions of 64 byte messages

RTT : percentile 10: 38.6071, median: 39.781, percentile 90: 43.4175, average: 43.5586, variance: 346.944

RTT histogram:
43.990636 78
50.347403 18
56.704170 0
63.060937 1
69.417704 0
75.774471 0
82.131238 0
88.488005 0
94.844772 2
101.201539 0
107.558307 0
113.915074 0
120.271841 0
126.628608 0
132.985375 0
139.342142 0
145.698909 0
152.055676 0
158.412443 0
164.769211 0
171.125978 2
median Throughput : 3.21762 KB/s   overall Throughput : 2.93857 KB/s

