UDP Ping trying to connect to server webdev.dibris.unige.it (130.251.61.30) on TCP port 1491
 ... connected to Pong server: asking for 101 repetitions of 48 _bytes UDP messages
 ... Pong server agreed to ping-pong using port 62831 :-)
Round trip time was 39.299 milliseconds in repetition 1
Round trip time was 38.497 milliseconds in repetition 2
Round trip time was 38.993 milliseconds in repetition 3
Round trip time was 39.934 milliseconds in repetition 4
Round trip time was 39.458 milliseconds in repetition 5
Round trip time was 38.908 milliseconds in repetition 6
Round trip time was 38.692 milliseconds in repetition 7
Round trip time was 39.043 milliseconds in repetition 8
Round trip time was 38.509 milliseconds in repetition 9
Round trip time was 38.567 milliseconds in repetition 10
Round trip time was 38.905 milliseconds in repetition 11
Round trip time was 39.566 milliseconds in repetition 12
Round trip time was 43.036 milliseconds in repetition 13
Round trip time was 38.449 milliseconds in repetition 14
Round trip time was 40.286 milliseconds in repetition 15
Round trip time was 38.407 milliseconds in repetition 16
Round trip time was 40.516 milliseconds in repetition 17
Round trip time was 38.238 milliseconds in repetition 18
Round trip time was 37.550 milliseconds in repetition 19
Round trip time was 39.517 milliseconds in repetition 20
Round trip time was 37.848 milliseconds in repetition 21
Round trip time was 39.609 milliseconds in repetition 22
Round trip time was 37.793 milliseconds in repetition 23
Round trip time was 37.500 milliseconds in repetition 24
Round trip time was 39.105 milliseconds in repetition 25
Round trip time was 38.413 milliseconds in repetition 26
Round trip time was 37.438 milliseconds in repetition 27
Round trip time was 37.586 milliseconds in repetition 28
Round trip time was 38.593 milliseconds in repetition 29
Round trip time was 38.718 milliseconds in repetition 30
Round trip time was 38.750 milliseconds in repetition 31
Round trip time was 37.585 milliseconds in repetition 32
Round trip time was 37.213 milliseconds in repetition 33
Round trip time was 39.242 milliseconds in repetition 34
Round trip time was 38.309 milliseconds in repetition 35
Round trip time was 39.705 milliseconds in repetition 36
Round trip time was 37.760 milliseconds in repetition 37
Round trip time was 37.430 milliseconds in repetition 38
Round trip time was 37.560 milliseconds in repetition 39
Round trip time was 39.906 milliseconds in repetition 40
Round trip time was 39.379 milliseconds in repetition 41
Round trip time was 38.119 milliseconds in repetition 42
Round trip time was 37.558 milliseconds in repetition 43
Round trip time was 38.499 milliseconds in repetition 44
Round trip time was 37.719 milliseconds in repetition 45
Round trip time was 38.577 milliseconds in repetition 46
Round trip time was 38.710 milliseconds in repetition 47
Round trip time was 37.481 milliseconds in repetition 48
Round trip time was 39.615 milliseconds in repetition 49
Round trip time was 37.730 milliseconds in repetition 50
Round trip time was 37.605 milliseconds in repetition 51
Round trip time was 39.798 milliseconds in repetition 52
Round trip time was 37.631 milliseconds in repetition 53
Round trip time was 43.157 milliseconds in repetition 54
Round trip time was 38.142 milliseconds in repetition 55
Round trip time was 37.673 milliseconds in repetition 56
Round trip time was 104.689 milliseconds in repetition 57
Round trip time was 37.564 milliseconds in repetition 58
Round trip time was 37.247 milliseconds in repetition 59
Round trip time was 37.633 milliseconds in repetition 60
Round trip time was 37.380 milliseconds in repetition 61
Round trip time was 37.523 milliseconds in repetition 62
Round trip time was 89.177 milliseconds in repetition 63
Round trip time was 38.305 milliseconds in repetition 64
Round trip time was 37.697 milliseconds in repetition 65
Round trip time was 38.612 milliseconds in repetition 66
Round trip time was 37.385 milliseconds in repetition 67
Round trip time was 38.797 milliseconds in repetition 68
Round trip time was 85.688 milliseconds in repetition 69
Round trip time was 37.238 milliseconds in repetition 70
Round trip time was 37.606 milliseconds in repetition 71
Round trip time was 38.742 milliseconds in repetition 72
Round trip time was 37.436 milliseconds in repetition 73
Round trip time was 37.923 milliseconds in repetition 74
Round trip time was 86.880 milliseconds in repetition 75
Round trip time was 37.590 milliseconds in repetition 76
Round trip time was 38.682 milliseconds in repetition 77
Round trip time was 38.829 milliseconds in repetition 78
Round trip time was 38.691 milliseconds in repetition 79
Round trip time was 38.732 milliseconds in repetition 80
Round trip time was 83.955 milliseconds in repetition 81
Round trip time was 38.547 milliseconds in repetition 82
Round trip time was 37.790 milliseconds in repetition 83
Round trip time was 37.215 milliseconds in repetition 84
Round trip time was 39.444 milliseconds in repetition 85
Round trip time was 39.250 milliseconds in repetition 86
Round trip time was 84.340 milliseconds in repetition 87
Round trip time was 37.941 milliseconds in repetition 88
Round trip time was 37.522 milliseconds in repetition 89
Round trip time was 40.548 milliseconds in repetition 90
Round trip time was 38.283 milliseconds in repetition 91
Round trip time was 37.835 milliseconds in repetition 92
Round trip time was 84.857 milliseconds in repetition 93
Round trip time was 38.360 milliseconds in repetition 94
Round trip time was 37.416 milliseconds in repetition 95
Round trip time was 50.197 milliseconds in repetition 96
Round trip time was 38.583 milliseconds in repetition 97
Round trip time was 111.592 milliseconds in repetition 98
Round trip time was 46.969 milliseconds in repetition 99
Round trip time was 41.609 milliseconds in repetition 100
Round trip time was 37.606 milliseconds in repetition 101

 ... clock resolution was 1e-06
UDP Ping:  Statistics over 101 repetitions of 48 byte messages

RTT : percentile 10: 37.4812, median: 38.5475, percentile 90: 43.1566, average: 42.9083, variance: 215.361

RTT histogram:
40.931978 70
44.650920 19
48.369862 2
52.088804 2
55.807746 0
59.526687 0
63.245629 0
66.964571 0
70.683513 0
74.402455 0
78.121396 0
81.840338 0
85.559280 0
89.278222 5
92.997163 1
96.716105 0
100.435047 0
104.153989 0
107.872931 1
111.591872 0
115.310814 1
median Throughput : 2.49044 KB/s   overall Throughput : 2.23733 KB/s

