UDP Ping trying to connect to server webdev.dibris.unige.it (130.251.61.30) on TCP port 1491
 ... connected to Pong server: asking for 101 repetitions of 6144 _bytes UDP messages
 ... Pong server agreed to ping-pong using port 62831 :-)
Round trip time was 51.778 milliseconds in repetition 1
Round trip time was 48.879 milliseconds in repetition 2
Round trip time was 53.471 milliseconds in repetition 3
Round trip time was 50.080 milliseconds in repetition 4
Round trip time was 48.814 milliseconds in repetition 5
Round trip time was 48.998 milliseconds in repetition 6
Round trip time was 49.966 milliseconds in repetition 7
Round trip time was 50.033 milliseconds in repetition 8
Round trip time was 54.193 milliseconds in repetition 9
Round trip time was 49.497 milliseconds in repetition 10
Round trip time was 50.270 milliseconds in repetition 11
Round trip time was 50.724 milliseconds in repetition 12
Round trip time was 54.056 milliseconds in repetition 13
Round trip time was 58.111 milliseconds in repetition 14
Round trip time was 51.284 milliseconds in repetition 15
Round trip time was 58.038 milliseconds in repetition 16
Round trip time was 63.506 milliseconds in repetition 17
Round trip time was 56.213 milliseconds in repetition 18
Round trip time was 50.540 milliseconds in repetition 19
Round trip time was 48.281 milliseconds in repetition 20
Round trip time was 45.759 milliseconds in repetition 21
Round trip time was 46.084 milliseconds in repetition 22
Round trip time was 46.932 milliseconds in repetition 23
Round trip time was 49.663 milliseconds in repetition 24
Round trip time was 48.268 milliseconds in repetition 25
Round trip time was 45.806 milliseconds in repetition 26
Round trip time was 45.838 milliseconds in repetition 27
Round trip time was 47.122 milliseconds in repetition 28
Round trip time was 49.447 milliseconds in repetition 29
Round trip time was 47.513 milliseconds in repetition 30
Round trip time was 47.039 milliseconds in repetition 31
Round trip time was 46.204 milliseconds in repetition 32
Round trip time was 47.057 milliseconds in repetition 33
Round trip time was 49.706 milliseconds in repetition 34
Round trip time was 46.131 milliseconds in repetition 35
Round trip time was 53.519 milliseconds in repetition 36
Round trip time was 47.132 milliseconds in repetition 37
Round trip time was 45.658 milliseconds in repetition 38
Round trip time was 47.817 milliseconds in repetition 39
Round trip time was 62.326 milliseconds in repetition 40
Round trip time was 50.263 milliseconds in repetition 41
Round trip time was 59.982 milliseconds in repetition 42
Round trip time was 46.757 milliseconds in repetition 43
Round trip time was 47.136 milliseconds in repetition 44
Round trip time was 50.618 milliseconds in repetition 45
Round trip time was 48.867 milliseconds in repetition 46
Round trip time was 48.907 milliseconds in repetition 47
Round trip time was 46.256 milliseconds in repetition 48
Round trip time was 46.581 milliseconds in repetition 49
Round trip time was 46.133 milliseconds in repetition 50
Round trip time was 49.384 milliseconds in repetition 51
Round trip time was 46.723 milliseconds in repetition 52
Round trip time was 45.282 milliseconds in repetition 53
Round trip time was 47.169 milliseconds in repetition 54
Round trip time was 46.851 milliseconds in repetition 55
Round trip time was 46.699 milliseconds in repetition 56
Round trip time was 46.696 milliseconds in repetition 57
Round trip time was 47.210 milliseconds in repetition 58
Round trip time was 49.256 milliseconds in repetition 59
Round trip time was 46.652 milliseconds in repetition 60
Round trip time was 46.729 milliseconds in repetition 61
Round trip time was 47.005 milliseconds in repetition 62
Round trip time was 49.320 milliseconds in repetition 63
Round trip time was 49.178 milliseconds in repetition 64
Round trip time was 45.462 milliseconds in repetition 65
Round trip time was 49.068 milliseconds in repetition 66
Round trip time was 45.312 milliseconds in repetition 67
Round trip time was 50.657 milliseconds in repetition 68
Round trip time was 46.597 milliseconds in repetition 69
Round trip time was 46.061 milliseconds in repetition 70
Round trip time was 48.254 milliseconds in repetition 71
Round trip time was 46.086 milliseconds in repetition 72
Round trip time was 46.159 milliseconds in repetition 73
Round trip time was 45.353 milliseconds in repetition 74
Round trip time was 48.001 milliseconds in repetition 75
Round trip time was 47.327 milliseconds in repetition 76
Round trip time was 45.523 milliseconds in repetition 77
Round trip time was 46.309 milliseconds in repetition 78
Round trip time was 46.552 milliseconds in repetition 79
Round trip time was 45.481 milliseconds in repetition 80
Round trip time was 45.109 milliseconds in repetition 81
Round trip time was 48.703 milliseconds in repetition 82
Round trip time was 45.336 milliseconds in repetition 83
Round trip time was 45.941 milliseconds in repetition 84
Round trip time was 47.624 milliseconds in repetition 85
Round trip time was 51.099 milliseconds in repetition 86
Round trip time was 47.320 milliseconds in repetition 87
Round trip time was 52.475 milliseconds in repetition 88
Round trip time was 46.601 milliseconds in repetition 89
Round trip time was 46.931 milliseconds in repetition 90
Round trip time was 50.689 milliseconds in repetition 91
Round trip time was 45.667 milliseconds in repetition 92
Round trip time was 46.626 milliseconds in repetition 93
Round trip time was 46.740 milliseconds in repetition 94
Round trip time was 46.295 milliseconds in repetition 95
Round trip time was 45.622 milliseconds in repetition 96
Round trip time was 59.591 milliseconds in repetition 97
Round trip time was 46.441 milliseconds in repetition 98
Round trip time was 48.231 milliseconds in repetition 99
Round trip time was 50.141 milliseconds in repetition 100
Round trip time was 47.604 milliseconds in repetition 101

 ... clock resolution was 1e-06
UDP Ping:  Statistics over 101 repetitions of 6144 byte messages

RTT : percentile 10: 45.667, median: 47.3271, percentile 90: 53.4708, average: 48.7762, variance: 13.6826

RTT histogram:
46.028917 8
46.948751 18
47.868585 25
48.788418 9
49.708252 8
50.628086 11
51.547919 7
52.467753 3
53.387587 1
54.307420 2
55.227254 2
56.147088 0
57.066922 1
57.986755 0
58.906589 2
59.826423 0
60.746256 2
61.666090 0
62.585924 0
63.505757 1
64.425591 1
median Throughput : 259.64 KB/s   overall Throughput : 251.926 KB/s

