UDP Ping trying to connect to server webdev.dibris.unige.it (130.251.61.30) on TCP port 1491
 ... connected to Pong server: asking for 101 repetitions of 192 _bytes UDP messages
 ... Pong server agreed to ping-pong using port 62831 :-)
Round trip time was 44.190 milliseconds in repetition 1
Round trip time was 40.824 milliseconds in repetition 2
Round trip time was 40.329 milliseconds in repetition 3
Round trip time was 40.935 milliseconds in repetition 4
Round trip time was 42.003 milliseconds in repetition 5
Round trip time was 40.362 milliseconds in repetition 6
Round trip time was 41.447 milliseconds in repetition 7
Round trip time was 41.170 milliseconds in repetition 8
Round trip time was 41.747 milliseconds in repetition 9
Round trip time was 40.940 milliseconds in repetition 10
Round trip time was 41.219 milliseconds in repetition 11
Round trip time was 42.440 milliseconds in repetition 12
Round trip time was 41.280 milliseconds in repetition 13
Round trip time was 40.332 milliseconds in repetition 14
Round trip time was 40.835 milliseconds in repetition 15
Round trip time was 40.516 milliseconds in repetition 16
Round trip time was 43.271 milliseconds in repetition 17
Round trip time was 41.166 milliseconds in repetition 18
Round trip time was 41.308 milliseconds in repetition 19
Round trip time was 40.174 milliseconds in repetition 20
Round trip time was 42.392 milliseconds in repetition 21
Round trip time was 39.922 milliseconds in repetition 22
Round trip time was 39.916 milliseconds in repetition 23
Round trip time was 42.381 milliseconds in repetition 24
Round trip time was 41.381 milliseconds in repetition 25
Round trip time was 41.030 milliseconds in repetition 26
Round trip time was 41.345 milliseconds in repetition 27
Round trip time was 39.862 milliseconds in repetition 28
Round trip time was 40.004 milliseconds in repetition 29
Round trip time was 41.177 milliseconds in repetition 30
Round trip time was 40.023 milliseconds in repetition 31
Round trip time was 44.057 milliseconds in repetition 32
Round trip time was 42.354 milliseconds in repetition 33
Round trip time was 40.870 milliseconds in repetition 34
Round trip time was 40.130 milliseconds in repetition 35
Round trip time was 39.928 milliseconds in repetition 36
Round trip time was 41.665 milliseconds in repetition 37
Round trip time was 39.608 milliseconds in repetition 38
Round trip time was 42.401 milliseconds in repetition 39
Round trip time was 39.927 milliseconds in repetition 40
Round trip time was 42.260 milliseconds in repetition 41
Round trip time was 41.526 milliseconds in repetition 42
Round trip time was 42.418 milliseconds in repetition 43
Round trip time was 40.345 milliseconds in repetition 44
Round trip time was 40.752 milliseconds in repetition 45
Round trip time was 42.759 milliseconds in repetition 46
Round trip time was 39.694 milliseconds in repetition 47
Round trip time was 41.157 milliseconds in repetition 48
Round trip time was 39.987 milliseconds in repetition 49
Round trip time was 40.055 milliseconds in repetition 50
Round trip time was 41.242 milliseconds in repetition 51
Round trip time was 42.369 milliseconds in repetition 52
Round trip time was 49.228 milliseconds in repetition 53
Round trip time was 39.552 milliseconds in repetition 54
Round trip time was 41.247 milliseconds in repetition 55
Round trip time was 40.056 milliseconds in repetition 56
Round trip time was 41.599 milliseconds in repetition 57
Round trip time was 40.836 milliseconds in repetition 58
Round trip time was 40.080 milliseconds in repetition 59
Round trip time was 46.046 milliseconds in repetition 60
Round trip time was 40.100 milliseconds in repetition 61
Round trip time was 42.275 milliseconds in repetition 62
Round trip time was 44.437 milliseconds in repetition 63
Round trip time was 40.677 milliseconds in repetition 64
Round trip time was 41.360 milliseconds in repetition 65
Round trip time was 40.932 milliseconds in repetition 66
Round trip time was 40.499 milliseconds in repetition 67
Round trip time was 48.974 milliseconds in repetition 68
Round trip time was 40.692 milliseconds in repetition 69
Round trip time was 39.681 milliseconds in repetition 70
Round trip time was 40.151 milliseconds in repetition 71
Round trip time was 39.940 milliseconds in repetition 72
Round trip time was 41.177 milliseconds in repetition 73
Round trip time was 43.753 milliseconds in repetition 74
Round trip time was 41.254 milliseconds in repetition 75
Round trip time was 41.218 milliseconds in repetition 76
Round trip time was 41.157 milliseconds in repetition 77
Round trip time was 40.435 milliseconds in repetition 78
Round trip time was 40.768 milliseconds in repetition 79
Round trip time was 43.800 milliseconds in repetition 80
Round trip time was 42.372 milliseconds in repetition 81
Round trip time was 55.147 milliseconds in repetition 82
Round trip time was 41.520 milliseconds in repetition 83
Round trip time was 42.250 milliseconds in repetition 84
Round trip time was 41.134 milliseconds in repetition 85
Round trip time was 42.971 milliseconds in repetition 86
Round trip time was 40.646 milliseconds in repetition 87
Round trip time was 41.237 milliseconds in repetition 88
Round trip time was 42.727 milliseconds in repetition 89
Round trip time was 40.992 milliseconds in repetition 90
Round trip time was 39.795 milliseconds in repetition 91
Round trip time was 41.381 milliseconds in repetition 92
Round trip time was 41.676 milliseconds in repetition 93
Round trip time was 40.742 milliseconds in repetition 94
Round trip time was 40.085 milliseconds in repetition 95
Round trip time was 43.735 milliseconds in repetition 96
Round trip time was 42.416 milliseconds in repetition 97
Round trip time was 43.750 milliseconds in repetition 98
Round trip time was 40.253 milliseconds in repetition 99
Round trip time was 40.978 milliseconds in repetition 100
Round trip time was 39.891 milliseconds in repetition 101

 ... clock resolution was 1e-06
UDP Ping:  Statistics over 101 repetitions of 192 byte messages

RTT : percentile 10: 39.9279, median: 41.1657, percentile 90: 43.7348, average: 41.5747, variance: 4.57859

RTT histogram:
40.331547 12
41.111315 22
41.891084 33
42.670852 10
43.450621 12
44.230389 5
45.010158 3
45.789926 0
46.569695 1
47.349463 0
48.129231 0
48.909000 0
49.688768 2
50.468537 0
51.248305 0
52.028074 0
52.807842 0
53.587611 0
54.367379 0
55.147147 0
55.926916 1
median Throughput : 9.32815 KB/s   overall Throughput : 9.23638 KB/s

