UDP Ping trying to connect to server webdev.dibris.unige.it (130.251.61.30) on TCP port 1491
 ... connected to Pong server: asking for 101 repetitions of 3072 _bytes UDP messages
 ... Pong server agreed to ping-pong using port 62831 :-)
Round trip time was 46.477 milliseconds in repetition 1
Round trip time was 46.223 milliseconds in repetition 2
Round trip time was 54.541 milliseconds in repetition 3
Round trip time was 49.292 milliseconds in repetition 4
Round trip time was 51.497 milliseconds in repetition 5
Round trip time was 45.630 milliseconds in repetition 6
Round trip time was 47.684 milliseconds in repetition 7
Round trip time was 47.082 milliseconds in repetition 8
Round trip time was 45.431 milliseconds in repetition 9
Round trip time was 51.174 milliseconds in repetition 10
Round trip time was 45.191 milliseconds in repetition 11
Round trip time was 46.566 milliseconds in repetition 12
Round trip time was 47.665 milliseconds in repetition 13
Round trip time was 44.471 milliseconds in repetition 14
Round trip time was 45.129 milliseconds in repetition 15
Round trip time was 51.481 milliseconds in repetition 16
Round trip time was 46.206 milliseconds in repetition 17
Round trip time was 52.141 milliseconds in repetition 18
Round trip time was 47.589 milliseconds in repetition 19
Round trip time was 43.581 milliseconds in repetition 20
Round trip time was 48.230 milliseconds in repetition 21
Round trip time was 43.836 milliseconds in repetition 22
Round trip time was 42.738 milliseconds in repetition 23
Round trip time was 42.628 milliseconds in repetition 24
Round trip time was 43.633 milliseconds in repetition 25
Round trip time was 43.894 milliseconds in repetition 26
Round trip time was 51.190 milliseconds in repetition 27
Round trip time was 42.634 milliseconds in repetition 28
Round trip time was 45.043 milliseconds in repetition 29
Round trip time was 49.673 milliseconds in repetition 30
Round trip time was 43.540 milliseconds in repetition 31
Round trip time was 45.527 milliseconds in repetition 32
Round trip time was 43.366 milliseconds in repetition 33
Round trip time was 46.907 milliseconds in repetition 34
Round trip time was 47.614 milliseconds in repetition 35
Round trip time was 44.575 milliseconds in repetition 36
Round trip time was 52.141 milliseconds in repetition 37
Round trip time was 45.333 milliseconds in repetition 38
Round trip time was 44.754 milliseconds in repetition 39
Round trip time was 51.898 milliseconds in repetition 40
Round trip time was 43.184 milliseconds in repetition 41
Round trip time was 49.990 milliseconds in repetition 42
Round trip time was 46.491 milliseconds in repetition 43
Round trip time was 44.378 milliseconds in repetition 44
Round trip time was 45.901 milliseconds in repetition 45
Round trip time was 45.200 milliseconds in repetition 46
Round trip time was 44.493 milliseconds in repetition 47
Round trip time was 50.524 milliseconds in repetition 48
Round trip time was 55.736 milliseconds in repetition 49
Round trip time was 44.342 milliseconds in repetition 50
Round trip time was 46.228 milliseconds in repetition 51
Round trip time was 43.044 milliseconds in repetition 52
Round trip time was 51.465 milliseconds in repetition 53
Round trip time was 43.868 milliseconds in repetition 54
Round trip time was 44.145 milliseconds in repetition 55
Round trip time was 43.480 milliseconds in repetition 56
Round trip time was 45.173 milliseconds in repetition 57
Round trip time was 47.380 milliseconds in repetition 58
Round trip time was 44.596 milliseconds in repetition 59
Round trip time was 46.384 milliseconds in repetition 60
Round trip time was 48.612 milliseconds in repetition 61
Round trip time was 50.859 milliseconds in repetition 62
Round trip time was 54.600 milliseconds in repetition 63
Round trip time was 43.345 milliseconds in repetition 64
Round trip time was 43.047 milliseconds in repetition 65
Round trip time was 48.116 milliseconds in repetition 66
Round trip time was 47.105 milliseconds in repetition 67
Round trip time was 44.825 milliseconds in repetition 68
Round trip time was 43.727 milliseconds in repetition 69
Round trip time was 47.505 milliseconds in repetition 70
Round trip time was 45.348 milliseconds in repetition 71
Round trip time was 43.800 milliseconds in repetition 72
Round trip time was 45.252 milliseconds in repetition 73
Round trip time was 50.315 milliseconds in repetition 74
Round trip time was 45.250 milliseconds in repetition 75
Round trip time was 44.792 milliseconds in repetition 76
Round trip time was 46.108 milliseconds in repetition 77
Round trip time was 47.430 milliseconds in repetition 78
Round trip time was 43.293 milliseconds in repetition 79
Round trip time was 43.765 milliseconds in repetition 80
Round trip time was 49.147 milliseconds in repetition 81
Round trip time was 42.714 milliseconds in repetition 82
Round trip time was 53.362 milliseconds in repetition 83
Round trip time was 53.884 milliseconds in repetition 84
Round trip time was 46.315 milliseconds in repetition 85
Round trip time was 42.509 milliseconds in repetition 86
Round trip time was 49.693 milliseconds in repetition 87
Round trip time was 44.568 milliseconds in repetition 88
Round trip time was 43.452 milliseconds in repetition 89
Round trip time was 50.657 milliseconds in repetition 90
Round trip time was 47.023 milliseconds in repetition 91
Round trip time was 43.034 milliseconds in repetition 92
Round trip time was 44.160 milliseconds in repetition 93
Round trip time was 50.690 milliseconds in repetition 94
Round trip time was 42.801 milliseconds in repetition 95
Round trip time was 44.264 milliseconds in repetition 96
Round trip time was 44.328 milliseconds in repetition 97
Round trip time was 46.569 milliseconds in repetition 98
Round trip time was 42.313 milliseconds in repetition 99
Round trip time was 43.249 milliseconds in repetition 100
Round trip time was 45.587 milliseconds in repetition 101

 ... clock resolution was 1e-06
UDP Ping:  Statistics over 101 repetitions of 3072 byte messages

RTT : percentile 10: 43.1836, median: 45.5267, percentile 90: 51.465, average: 46.5111, variance: 10.3668

RTT histogram:
42.984077 4
43.655211 9
44.326344 13
44.997478 11
45.668611 11
46.339745 6
47.010879 10
47.682012 4
48.353146 7
49.024279 3
49.695413 2
50.366547 3
51.037680 4
51.708814 3
52.379947 4
53.051081 2
53.722215 1
54.393348 1
55.064482 2
55.735615 0
56.406749 1
median Throughput : 134.954 KB/s   overall Throughput : 132.098 KB/s

