UDP Ping trying to connect to server webdev.dibris.unige.it (130.251.61.30) on TCP port 1491
 ... connected to Pong server: asking for 101 repetitions of 4096 _bytes UDP messages
 ... Pong server agreed to ping-pong using port 62831 :-)
Round trip time was 48.716 milliseconds in repetition 1
Round trip time was 54.265 milliseconds in repetition 2
Round trip time was 46.982 milliseconds in repetition 3
Round trip time was 48.812 milliseconds in repetition 4
Round trip time was 47.563 milliseconds in repetition 5
Round trip time was 46.925 milliseconds in repetition 6
Round trip time was 45.651 milliseconds in repetition 7
Round trip time was 53.280 milliseconds in repetition 8
Round trip time was 57.717 milliseconds in repetition 9
Round trip time was 49.284 milliseconds in repetition 10
Round trip time was 48.662 milliseconds in repetition 11
Round trip time was 48.122 milliseconds in repetition 12
Round trip time was 49.270 milliseconds in repetition 13
Round trip time was 49.542 milliseconds in repetition 14
Round trip time was 48.872 milliseconds in repetition 15
Round trip time was 48.966 milliseconds in repetition 16
Round trip time was 49.271 milliseconds in repetition 17
Round trip time was 46.375 milliseconds in repetition 18
Round trip time was 46.437 milliseconds in repetition 19
Round trip time was 53.920 milliseconds in repetition 20
Round trip time was 43.641 milliseconds in repetition 21
Round trip time was 43.966 milliseconds in repetition 22
Round trip time was 44.542 milliseconds in repetition 23
Round trip time was 44.691 milliseconds in repetition 24
Round trip time was 45.149 milliseconds in repetition 25
Round trip time was 48.831 milliseconds in repetition 26
Round trip time was 44.719 milliseconds in repetition 27
Round trip time was 45.139 milliseconds in repetition 28
Round trip time was 43.608 milliseconds in repetition 29
Round trip time was 43.887 milliseconds in repetition 30
Round trip time was 44.390 milliseconds in repetition 31
Round trip time was 50.501 milliseconds in repetition 32
Round trip time was 43.731 milliseconds in repetition 33
Round trip time was 44.945 milliseconds in repetition 34
Round trip time was 48.625 milliseconds in repetition 35
Round trip time was 44.326 milliseconds in repetition 36
Round trip time was 47.072 milliseconds in repetition 37
Round trip time was 43.791 milliseconds in repetition 38
Round trip time was 44.027 milliseconds in repetition 39
Round trip time was 43.608 milliseconds in repetition 40
Round trip time was 43.923 milliseconds in repetition 41
Round trip time was 43.652 milliseconds in repetition 42
Round trip time was 43.417 milliseconds in repetition 43
Round trip time was 43.923 milliseconds in repetition 44
Round trip time was 44.507 milliseconds in repetition 45
Round trip time was 43.434 milliseconds in repetition 46
Round trip time was 44.568 milliseconds in repetition 47
Round trip time was 43.536 milliseconds in repetition 48
Round trip time was 42.927 milliseconds in repetition 49
Round trip time was 44.672 milliseconds in repetition 50
Round trip time was 43.737 milliseconds in repetition 51
Round trip time was 45.016 milliseconds in repetition 52
Round trip time was 44.033 milliseconds in repetition 53
Round trip time was 43.652 milliseconds in repetition 54
Round trip time was 50.803 milliseconds in repetition 55
Round trip time was 45.204 milliseconds in repetition 56
Round trip time was 44.292 milliseconds in repetition 57
Round trip time was 44.012 milliseconds in repetition 58
Round trip time was 45.298 milliseconds in repetition 59
Round trip time was 46.278 milliseconds in repetition 60
Round trip time was 43.766 milliseconds in repetition 61
Round trip time was 46.308 milliseconds in repetition 62
Round trip time was 45.056 milliseconds in repetition 63
Round trip time was 43.169 milliseconds in repetition 64
Round trip time was 43.561 milliseconds in repetition 65
Round trip time was 45.393 milliseconds in repetition 66
Round trip time was 43.709 milliseconds in repetition 67
Round trip time was 44.916 milliseconds in repetition 68
Round trip time was 44.597 milliseconds in repetition 69
Round trip time was 44.548 milliseconds in repetition 70
Round trip time was 43.708 milliseconds in repetition 71
Round trip time was 44.054 milliseconds in repetition 72
Round trip time was 43.524 milliseconds in repetition 73
Round trip time was 46.390 milliseconds in repetition 74
Round trip time was 43.489 milliseconds in repetition 75
Round trip time was 43.511 milliseconds in repetition 76
Round trip time was 43.594 milliseconds in repetition 77
Round trip time was 45.060 milliseconds in repetition 78
Round trip time was 46.809 milliseconds in repetition 79
Round trip time was 43.992 milliseconds in repetition 80
Round trip time was 44.652 milliseconds in repetition 81
Round trip time was 43.791 milliseconds in repetition 82
Round trip time was 43.689 milliseconds in repetition 83
Round trip time was 44.805 milliseconds in repetition 84
Round trip time was 43.647 milliseconds in repetition 85
Round trip time was 44.480 milliseconds in repetition 86
Round trip time was 43.836 milliseconds in repetition 87
Round trip time was 45.866 milliseconds in repetition 88
Round trip time was 44.130 milliseconds in repetition 89
Round trip time was 45.628 milliseconds in repetition 90
Round trip time was 43.630 milliseconds in repetition 91
Round trip time was 43.684 milliseconds in repetition 92
Round trip time was 44.235 milliseconds in repetition 93
Round trip time was 43.879 milliseconds in repetition 94
Round trip time was 44.375 milliseconds in repetition 95
Round trip time was 44.461 milliseconds in repetition 96
Round trip time was 44.107 milliseconds in repetition 97
Round trip time was 43.684 milliseconds in repetition 98
Round trip time was 43.473 milliseconds in repetition 99
Round trip time was 44.091 milliseconds in repetition 100
Round trip time was 43.948 milliseconds in repetition 101

 ... clock resolution was 1e-06
UDP Ping:  Statistics over 101 repetitions of 4096 byte messages

RTT : percentile 10: 43.5942, median: 44.5066, percentile 90: 48.9661, average: 45.544, variance: 7.24975

RTT histogram:
43.666088 2
44.405611 37
45.145134 20
45.884657 11
46.624180 3
47.363703 8
48.103226 2
48.842749 1
49.582272 7
50.321795 4
51.061318 1
51.800841 1
52.540364 0
53.279887 0
54.019410 1
54.758933 2
55.498456 0
56.237979 0
56.977502 0
57.717026 0
58.456549 1
median Throughput : 184.062 KB/s   overall Throughput : 179.87 KB/s

