UDP Ping trying to connect to server webdev.dibris.unige.it (130.251.61.30) on TCP port 1491
 ... connected to Pong server: asking for 101 repetitions of 8192 _bytes UDP messages
 ... Pong server agreed to ping-pong using port 62831 :-)
Round trip time was 58.022 milliseconds in repetition 1
Round trip time was 52.160 milliseconds in repetition 2
Round trip time was 54.703 milliseconds in repetition 3
Round trip time was 52.358 milliseconds in repetition 4
Round trip time was 54.277 milliseconds in repetition 5
Round trip time was 66.614 milliseconds in repetition 6
Round trip time was 53.694 milliseconds in repetition 7
Round trip time was 63.754 milliseconds in repetition 8
Round trip time was 53.980 milliseconds in repetition 9
Round trip time was 53.775 milliseconds in repetition 10
Round trip time was 57.224 milliseconds in repetition 11
Round trip time was 59.154 milliseconds in repetition 12
Round trip time was 57.296 milliseconds in repetition 13
Round trip time was 52.410 milliseconds in repetition 14
Round trip time was 53.481 milliseconds in repetition 15
Round trip time was 52.433 milliseconds in repetition 16
Round trip time was 52.872 milliseconds in repetition 17
Round trip time was 52.720 milliseconds in repetition 18
Round trip time was 52.090 milliseconds in repetition 19
Round trip time was 52.688 milliseconds in repetition 20
Round trip time was 51.508 milliseconds in repetition 21
Round trip time was 49.291 milliseconds in repetition 22
Round trip time was 50.593 milliseconds in repetition 23
Round trip time was 53.443 milliseconds in repetition 24
Round trip time was 49.423 milliseconds in repetition 25
Round trip time was 50.953 milliseconds in repetition 26
Round trip time was 49.878 milliseconds in repetition 27
Round trip time was 48.999 milliseconds in repetition 28
Round trip time was 49.452 milliseconds in repetition 29
Round trip time was 50.871 milliseconds in repetition 30
Round trip time was 53.703 milliseconds in repetition 31
Round trip time was 48.744 milliseconds in repetition 32
Round trip time was 48.688 milliseconds in repetition 33
Round trip time was 50.406 milliseconds in repetition 34
Round trip time was 47.365 milliseconds in repetition 35
Round trip time was 49.226 milliseconds in repetition 36
Round trip time was 66.217 milliseconds in repetition 37
Round trip time was 47.701 milliseconds in repetition 38
Round trip time was 49.724 milliseconds in repetition 39
Round trip time was 48.666 milliseconds in repetition 40
Round trip time was 50.019 milliseconds in repetition 41
Round trip time was 50.239 milliseconds in repetition 42
Round trip time was 48.033 milliseconds in repetition 43
Round trip time was 48.559 milliseconds in repetition 44
Round trip time was 49.099 milliseconds in repetition 45
Round trip time was 49.662 milliseconds in repetition 46
Round trip time was 49.076 milliseconds in repetition 47
Round trip time was 49.405 milliseconds in repetition 48
Round trip time was 49.977 milliseconds in repetition 49
Round trip time was 48.877 milliseconds in repetition 50
Round trip time was 48.108 milliseconds in repetition 51
Round trip time was 47.070 milliseconds in repetition 52
Round trip time was 51.218 milliseconds in repetition 53
Round trip time was 48.733 milliseconds in repetition 54
Round trip time was 49.761 milliseconds in repetition 55
Round trip time was 48.357 milliseconds in repetition 56
Round trip time was 52.059 milliseconds in repetition 57
Round trip time was 47.137 milliseconds in repetition 58
Round trip time was 50.546 milliseconds in repetition 59
Round trip time was 47.926 milliseconds in repetition 60
Round trip time was 49.306 milliseconds in repetition 61
Round trip time was 48.713 milliseconds in repetition 62
Round trip time was 49.248 milliseconds in repetition 63
Round trip time was 48.131 milliseconds in repetition 64
Round trip time was 51.034 milliseconds in repetition 65
Round trip time was 50.539 milliseconds in repetition 66
Round trip time was 47.457 milliseconds in repetition 67
Round trip time was 48.319 milliseconds in repetition 68
Round trip time was 48.343 milliseconds in repetition 69
Round trip time was 48.306 milliseconds in repetition 70
Round trip time was 50.344 milliseconds in repetition 71
Round trip time was 47.263 milliseconds in repetition 72
Round trip time was 51.214 milliseconds in repetition 73
Round trip time was 48.442 milliseconds in repetition 74
Round trip time was 48.188 milliseconds in repetition 75
Round trip time was 48.219 milliseconds in repetition 76
Round trip time was 50.631 milliseconds in repetition 77
Round trip time was 49.211 milliseconds in repetition 78
Round trip time was 49.832 milliseconds in repetition 79
Round trip time was 48.184 milliseconds in repetition 80
Round trip time was 49.434 milliseconds in repetition 81
Round trip time was 49.898 milliseconds in repetition 82
Round trip time was 47.875 milliseconds in repetition 83
Round trip time was 47.586 milliseconds in repetition 84
Round trip time was 53.112 milliseconds in repetition 85
Round trip time was 50.558 milliseconds in repetition 86
Round trip time was 47.001 milliseconds in repetition 87
Round trip time was 47.776 milliseconds in repetition 88
Round trip time was 49.084 milliseconds in repetition 89
Round trip time was 49.364 milliseconds in repetition 90
Round trip time was 48.970 milliseconds in repetition 91
Round trip time was 49.937 milliseconds in repetition 92
Round trip time was 48.291 milliseconds in repetition 93
Round trip time was 50.415 milliseconds in repetition 94
Round trip time was 48.663 milliseconds in repetition 95
Round trip time was 48.944 milliseconds in repetition 96
Round trip time was 51.266 milliseconds in repetition 97
Round trip time was 47.783 milliseconds in repetition 98
Round trip time was 49.127 milliseconds in repetition 99
Round trip time was 47.464 milliseconds in repetition 100
Round trip time was 50.064 milliseconds in repetition 101

 ... clock resolution was 1e-06
UDP Ping:  Statistics over 101 repetitions of 8192 byte messages

RTT : percentile 10: 47.7827, median: 49.6623, percentile 90: 53.7754, average: 50.6728, variance: 12.7753

RTT histogram:
47.981264 7
48.961937 18
49.942610 24
50.923283 15
51.903956 11
52.884629 5
53.865302 6
54.845975 7
55.826648 1
56.807321 0
57.787995 2
58.768668 1
59.749341 1
60.730014 0
61.710687 0
62.691360 0
63.672033 0
64.652706 1
65.633379 0
66.614052 0
67.594726 2
median Throughput : 329.908 KB/s   overall Throughput : 323.329 KB/s

