UDP Ping trying to connect to server webdev.dibris.unige.it (130.251.61.30) on TCP port 1491
 ... connected to Pong server: asking for 101 repetitions of 16 _bytes UDP messages
 ... Pong server agreed to ping-pong using port 62831 :-)
Round trip time was 39.511 milliseconds in repetition 1
Round trip time was 38.822 milliseconds in repetition 2
Round trip time was 38.296 milliseconds in repetition 3
Round trip time was 37.424 milliseconds in repetition 4
Round trip time was 38.834 milliseconds in repetition 5
Round trip time was 38.616 milliseconds in repetition 6
Round trip time was 38.832 milliseconds in repetition 7
Round trip time was 38.556 milliseconds in repetition 8
Round trip time was 38.684 milliseconds in repetition 9
Round trip time was 37.882 milliseconds in repetition 10
Round trip time was 38.296 milliseconds in repetition 11
Round trip time was 37.565 milliseconds in repetition 12
Round trip time was 38.615 milliseconds in repetition 13
Round trip time was 38.891 milliseconds in repetition 14
Round trip time was 38.585 milliseconds in repetition 15
Round trip time was 37.528 milliseconds in repetition 16
Round trip time was 37.448 milliseconds in repetition 17
Round trip time was 38.790 milliseconds in repetition 18
Round trip time was 38.655 milliseconds in repetition 19
Round trip time was 37.559 milliseconds in repetition 20
Round trip time was 37.732 milliseconds in repetition 21
Round trip time was 38.663 milliseconds in repetition 22
Round trip time was 38.582 milliseconds in repetition 23
Round trip time was 37.575 milliseconds in repetition 24
Round trip time was 39.348 milliseconds in repetition 25
Round trip time was 38.146 milliseconds in repetition 26
Round trip time was 38.668 milliseconds in repetition 27
Round trip time was 37.498 milliseconds in repetition 28
Round trip time was 37.937 milliseconds in repetition 29
Round trip time was 38.530 milliseconds in repetition 30
Round trip time was 38.348 milliseconds in repetition 31
Round trip time was 39.116 milliseconds in repetition 32
Round trip time was 38.270 milliseconds in repetition 33
Round trip time was 37.646 milliseconds in repetition 34
Round trip time was 38.759 milliseconds in repetition 35
Round trip time was 37.422 milliseconds in repetition 36
Round trip time was 38.649 milliseconds in repetition 37
Round trip time was 38.487 milliseconds in repetition 38
Round trip time was 37.927 milliseconds in repetition 39
Round trip time was 38.664 milliseconds in repetition 40
Round trip time was 39.260 milliseconds in repetition 41
Round trip time was 38.232 milliseconds in repetition 42
Round trip time was 38.773 milliseconds in repetition 43
Round trip time was 38.612 milliseconds in repetition 44
Round trip time was 37.364 milliseconds in repetition 45
Round trip time was 38.766 milliseconds in repetition 46
Round trip time was 38.873 milliseconds in repetition 47
Round trip time was 37.381 milliseconds in repetition 48
Round trip time was 37.674 milliseconds in repetition 49
Round trip time was 40.969 milliseconds in repetition 50
Round trip time was 37.498 milliseconds in repetition 51
Round trip time was 39.146 milliseconds in repetition 52
Round trip time was 38.435 milliseconds in repetition 53
Round trip time was 37.860 milliseconds in repetition 54
Round trip time was 38.096 milliseconds in repetition 55
Round trip time was 37.452 milliseconds in repetition 56
Round trip time was 37.643 milliseconds in repetition 57
Round trip time was 37.277 milliseconds in repetition 58
Round trip time was 37.572 milliseconds in repetition 59
Round trip time was 40.171 milliseconds in repetition 60
Round trip time was 42.356 milliseconds in repetition 61
Round trip time was 40.207 milliseconds in repetition 62
Round trip time was 37.363 milliseconds in repetition 63
Round trip time was 37.585 milliseconds in repetition 64
Round trip time was 38.741 milliseconds in repetition 65
Round trip time was 38.472 milliseconds in repetition 66
Round trip time was 40.102 milliseconds in repetition 67
Round trip time was 38.698 milliseconds in repetition 68
Round trip time was 40.449 milliseconds in repetition 69
Round trip time was 37.783 milliseconds in repetition 70
Round trip time was 37.470 milliseconds in repetition 71
Round trip time was 38.704 milliseconds in repetition 72
Round trip time was 38.731 milliseconds in repetition 73
Round trip time was 38.776 milliseconds in repetition 74
Round trip time was 38.672 milliseconds in repetition 75
Round trip time was 37.473 milliseconds in repetition 76
Round trip time was 38.821 milliseconds in repetition 77
Round trip time was 37.350 milliseconds in repetition 78
Round trip time was 37.568 milliseconds in repetition 79
Round trip time was 38.646 milliseconds in repetition 80
Round trip time was 37.365 milliseconds in repetition 81
Round trip time was 39.711 milliseconds in repetition 82
Round trip time was 38.173 milliseconds in repetition 83
Round trip time was 38.298 milliseconds in repetition 84
Round trip time was 42.251 milliseconds in repetition 85
Round trip time was 37.623 milliseconds in repetition 86
Round trip time was 37.877 milliseconds in repetition 87
Round trip time was 37.785 milliseconds in repetition 88
Round trip time was 38.168 milliseconds in repetition 89
Round trip time was 37.648 milliseconds in repetition 90
Round trip time was 38.540 milliseconds in repetition 91
Round trip time was 39.191 milliseconds in repetition 92
Round trip time was 38.541 milliseconds in repetition 93
Round trip time was 38.401 milliseconds in repetition 94
Round trip time was 37.886 milliseconds in repetition 95
Round trip time was 38.412 milliseconds in repetition 96
Round trip time was 38.648 milliseconds in repetition 97
Round trip time was 42.380 milliseconds in repetition 98
Round trip time was 37.622 milliseconds in repetition 99
Round trip time was 37.582 milliseconds in repetition 100
Round trip time was 37.396 milliseconds in repetition 101

 ... clock resolution was 1e-06
UDP Ping:  Statistics over 101 repetitions of 16 byte messages

RTT : percentile 10: 37.4523, median: 38.4352, percentile 90: 39.3475, average: 38.4542, variance: 1.02399

RTT histogram:
37.532354 7
37.787492 21
38.042630 8
38.297768 5
38.552906 9
38.808044 20
39.063182 16
39.318320 2
39.573458 3
39.828596 1
40.083733 1
40.338871 3
40.594009 1
40.849147 0
41.104285 1
41.359423 0
41.614561 0
41.869699 0
42.124837 0
42.379975 1
42.635112 2
median Throughput : 0.832569 KB/s   overall Throughput : 0.832158 KB/s

