UDP Ping trying to connect to server webdev.dibris.unige.it (130.251.61.30) on TCP port 1491
 ... connected to Pong server: asking for 101 repetitions of 256 _bytes UDP messages
 ... Pong server agreed to ping-pong using port 62831 :-)
Round trip time was 43.175 milliseconds in repetition 1
Round trip time was 40.994 milliseconds in repetition 2
Round trip time was 42.598 milliseconds in repetition 3
Round trip time was 42.605 milliseconds in repetition 4
Round trip time was 41.010 milliseconds in repetition 5
Round trip time was 41.259 milliseconds in repetition 6
Round trip time was 41.583 milliseconds in repetition 7
Round trip time was 40.798 milliseconds in repetition 8
Round trip time was 42.842 milliseconds in repetition 9
Round trip time was 40.978 milliseconds in repetition 10
Round trip time was 43.717 milliseconds in repetition 11
Round trip time was 47.333 milliseconds in repetition 12
Round trip time was 40.021 milliseconds in repetition 13
Round trip time was 47.624 milliseconds in repetition 14
Round trip time was 42.461 milliseconds in repetition 15
Round trip time was 41.199 milliseconds in repetition 16
Round trip time was 42.408 milliseconds in repetition 17
Round trip time was 41.206 milliseconds in repetition 18
Round trip time was 41.310 milliseconds in repetition 19
Round trip time was 39.971 milliseconds in repetition 20
Round trip time was 41.209 milliseconds in repetition 21
Round trip time was 41.343 milliseconds in repetition 22
Round trip time was 41.307 milliseconds in repetition 23
Round trip time was 41.088 milliseconds in repetition 24
Round trip time was 41.102 milliseconds in repetition 25
Round trip time was 41.422 milliseconds in repetition 26
Round trip time was 41.556 milliseconds in repetition 27
Round trip time was 41.417 milliseconds in repetition 28
Round trip time was 41.954 milliseconds in repetition 29
Round trip time was 41.890 milliseconds in repetition 30
Round trip time was 40.542 milliseconds in repetition 31
Round trip time was 42.447 milliseconds in repetition 32
Round trip time was 39.992 milliseconds in repetition 33
Round trip time was 43.726 milliseconds in repetition 34
Round trip time was 43.640 milliseconds in repetition 35
Round trip time was 43.015 milliseconds in repetition 36
Round trip time was 41.981 milliseconds in repetition 37
Round trip time was 41.287 milliseconds in repetition 38
Round trip time was 39.921 milliseconds in repetition 39
Round trip time was 44.095 milliseconds in repetition 40
Round trip time was 52.771 milliseconds in repetition 41
Round trip time was 44.269 milliseconds in repetition 42
Round trip time was 41.499 milliseconds in repetition 43
Round trip time was 43.638 milliseconds in repetition 44
Round trip time was 41.209 milliseconds in repetition 45
Round trip time was 41.180 milliseconds in repetition 46
Round trip time was 41.537 milliseconds in repetition 47
Round trip time was 42.336 milliseconds in repetition 48
Round trip time was 40.922 milliseconds in repetition 49
Round trip time was 41.307 milliseconds in repetition 50
Round trip time was 42.376 milliseconds in repetition 51
Round trip time was 42.478 milliseconds in repetition 52
Round trip time was 42.684 milliseconds in repetition 53
Round trip time was 41.002 milliseconds in repetition 54
Round trip time was 44.091 milliseconds in repetition 55
Round trip time was 40.687 milliseconds in repetition 56
Round trip time was 40.042 milliseconds in repetition 57
Round trip time was 42.232 milliseconds in repetition 58
Round trip time was 41.498 milliseconds in repetition 59
Round trip time was 41.194 milliseconds in repetition 60
Round trip time was 46.382 milliseconds in repetition 61
Round trip time was 40.010 milliseconds in repetition 62
Round trip time was 42.593 milliseconds in repetition 63
Round trip time was 41.167 milliseconds in repetition 64
Round trip time was 41.114 milliseconds in repetition 65
Round trip time was 41.545 milliseconds in repetition 66
Round trip time was 41.013 milliseconds in repetition 67
Round trip time was 41.222 milliseconds in repetition 68
Round trip time was 40.760 milliseconds in repetition 69
Round trip time was 44.304 milliseconds in repetition 70
Round trip time was 40.886 milliseconds in repetition 71
Round trip time was 42.500 milliseconds in repetition 72
Round trip time was 43.849 milliseconds in repetition 73
Round trip time was 42.439 milliseconds in repetition 74
Round trip time was 41.731 milliseconds in repetition 75
Round trip time was 40.532 milliseconds in repetition 76
Round trip time was 41.209 milliseconds in repetition 77
Round trip time was 42.611 milliseconds in repetition 78
Round trip time was 41.150 milliseconds in repetition 79
Round trip time was 42.531 milliseconds in repetition 80
Round trip time was 41.196 milliseconds in repetition 81
Round trip time was 43.123 milliseconds in repetition 82
Round trip time was 44.153 milliseconds in repetition 83
Round trip time was 40.077 milliseconds in repetition 84
Round trip time was 41.071 milliseconds in repetition 85
Round trip time was 41.551 milliseconds in repetition 86
Round trip time was 41.085 milliseconds in repetition 87
Round trip time was 41.272 milliseconds in repetition 88
Round trip time was 42.406 milliseconds in repetition 89
Round trip time was 41.368 milliseconds in repetition 90
Round trip time was 41.178 milliseconds in repetition 91
Round trip time was 43.434 milliseconds in repetition 92
Round trip time was 42.761 milliseconds in repetition 93
Round trip time was 41.252 milliseconds in repetition 94
Round trip time was 39.877 milliseconds in repetition 95
Round trip time was 41.334 milliseconds in repetition 96
Round trip time was 41.297 milliseconds in repetition 97
Round trip time was 44.004 milliseconds in repetition 98
Round trip time was 41.132 milliseconds in repetition 99
Round trip time was 40.929 milliseconds in repetition 100
Round trip time was 39.894 milliseconds in repetition 101

 ... clock resolution was 1e-06
UDP Ping:  Statistics over 101 repetitions of 256 byte messages

RTT : percentile 10: 40.5421, median: 41.3676, percentile 90: 43.8491, average: 42.0091, variance: 3.23486

RTT histogram:
40.521561 9
41.166292 5
41.811023 39
42.455754 11
43.100485 17
43.745216 4
44.389947 7
45.034678 5
45.679409 0
46.324140 0
46.968871 1
47.613602 0
48.258333 2
48.903064 0
49.547795 0
50.192526 0
50.837257 0
51.481988 0
52.126719 0
52.771450 0
53.416182 1
median Throughput : 12.3768 KB/s   overall Throughput : 12.1878 KB/s

