UDP Ping trying to connect to server webdev.dibris.unige.it (130.251.61.30) on TCP port 1491
 ... connected to Pong server: asking for 101 repetitions of 32 _bytes UDP messages
 ... Pong server agreed to ping-pong using port 62831 :-)
Round trip time was 45.066 milliseconds in repetition 1
Round trip time was 40.464 milliseconds in repetition 2
Round trip time was 39.783 milliseconds in repetition 3
Round trip time was 40.589 milliseconds in repetition 4
Round trip time was 40.677 milliseconds in repetition 5
Round trip time was 42.422 milliseconds in repetition 6
Round trip time was 40.197 milliseconds in repetition 7
Round trip time was 41.526 milliseconds in repetition 8
Round trip time was 41.041 milliseconds in repetition 9
Round trip time was 40.742 milliseconds in repetition 10
Round trip time was 39.870 milliseconds in repetition 11
Round trip time was 40.576 milliseconds in repetition 12
Round trip time was 41.014 milliseconds in repetition 13
Round trip time was 39.893 milliseconds in repetition 14
Round trip time was 39.943 milliseconds in repetition 15
Round trip time was 40.067 milliseconds in repetition 16
Round trip time was 41.096 milliseconds in repetition 17
Round trip time was 40.084 milliseconds in repetition 18
Round trip time was 39.846 milliseconds in repetition 19
Round trip time was 40.045 milliseconds in repetition 20
Round trip time was 39.933 milliseconds in repetition 21
Round trip time was 40.155 milliseconds in repetition 22
Round trip time was 39.909 milliseconds in repetition 23
Round trip time was 39.885 milliseconds in repetition 24
Round trip time was 42.943 milliseconds in repetition 25
Round trip time was 41.123 milliseconds in repetition 26
Round trip time was 39.790 milliseconds in repetition 27
Round trip time was 39.962 milliseconds in repetition 28
Round trip time was 39.699 milliseconds in repetition 29
Round trip time was 43.760 milliseconds in repetition 30
Round trip time was 40.834 milliseconds in repetition 31
Round trip time was 40.399 milliseconds in repetition 32
Round trip time was 39.972 milliseconds in repetition 33
Round trip time was 40.058 milliseconds in repetition 34
Round trip time was 43.342 milliseconds in repetition 35
Round trip time was 41.002 milliseconds in repetition 36
Round trip time was 40.920 milliseconds in repetition 37
Round trip time was 40.938 milliseconds in repetition 38
Round trip time was 40.283 milliseconds in repetition 39
Round trip time was 40.907 milliseconds in repetition 40
Round trip time was 39.809 milliseconds in repetition 41
Round trip time was 39.898 milliseconds in repetition 42
Round trip time was 40.114 milliseconds in repetition 43
Round trip time was 39.866 milliseconds in repetition 44
Round trip time was 40.038 milliseconds in repetition 45
Round trip time was 41.123 milliseconds in repetition 46
Round trip time was 40.112 milliseconds in repetition 47
Round trip time was 39.869 milliseconds in repetition 48
Round trip time was 40.027 milliseconds in repetition 49
Round trip time was 40.329 milliseconds in repetition 50
Round trip time was 39.546 milliseconds in repetition 51
Round trip time was 40.053 milliseconds in repetition 52
Round trip time was 40.159 milliseconds in repetition 53
Round trip time was 39.759 milliseconds in repetition 54
Round trip time was 40.120 milliseconds in repetition 55
Round trip time was 39.764 milliseconds in repetition 56
Round trip time was 39.997 milliseconds in repetition 57
Round trip time was 39.998 milliseconds in repetition 58
Round trip time was 40.342 milliseconds in repetition 59
Round trip time was 39.551 milliseconds in repetition 60
Round trip time was 40.642 milliseconds in repetition 61
Round trip time was 40.690 milliseconds in repetition 62
Round trip time was 40.019 milliseconds in repetition 63
Round trip time was 39.852 milliseconds in repetition 64
Round trip time was 39.992 milliseconds in repetition 65
Round trip time was 40.010 milliseconds in repetition 66
Round trip time was 40.061 milliseconds in repetition 67
Round trip time was 39.950 milliseconds in repetition 68
Round trip time was 46.886 milliseconds in repetition 69
Round trip time was 41.233 milliseconds in repetition 70
Round trip time was 40.054 milliseconds in repetition 71
Round trip time was 40.037 milliseconds in repetition 72
Round trip time was 40.084 milliseconds in repetition 73
Round trip time was 39.880 milliseconds in repetition 74
Round trip time was 42.177 milliseconds in repetition 75
Round trip time was 40.217 milliseconds in repetition 76
Round trip time was 40.186 milliseconds in repetition 77
Round trip time was 39.722 milliseconds in repetition 78
Round trip time was 41.252 milliseconds in repetition 79
Round trip time was 40.014 milliseconds in repetition 80
Round trip time was 39.981 milliseconds in repetition 81
Round trip time was 41.146 milliseconds in repetition 82
Round trip time was 40.013 milliseconds in repetition 83
Round trip time was 40.002 milliseconds in repetition 84
Round trip time was 39.984 milliseconds in repetition 85
Round trip time was 41.055 milliseconds in repetition 86
Round trip time was 40.004 milliseconds in repetition 87
Round trip time was 39.985 milliseconds in repetition 88
Round trip time was 40.165 milliseconds in repetition 89
Round trip time was 39.870 milliseconds in repetition 90
Round trip time was 39.943 milliseconds in repetition 91
Round trip time was 42.423 milliseconds in repetition 92
Round trip time was 40.157 milliseconds in repetition 93
Round trip time was 39.696 milliseconds in repetition 94
Round trip time was 40.114 milliseconds in repetition 95
Round trip time was 39.949 milliseconds in repetition 96
Round trip time was 39.958 milliseconds in repetition 97
Round trip time was 44.915 milliseconds in repetition 98
Round trip time was 40.093 milliseconds in repetition 99
Round trip time was 39.851 milliseconds in repetition 100
Round trip time was 40.008 milliseconds in repetition 101

 ... clock resolution was 1e-06
UDP Ping:  Statistics over 101 repetitions of 32 byte messages

RTT : percentile 10: 39.8458, median: 40.0608, percentile 90: 41.252, average: 40.5296, variance: 1.4198

RTT histogram:
39.913231 5
40.280230 50
40.647230 15
41.014229 7
41.381228 12
41.748228 3
42.115227 0
42.482227 1
42.849226 2
43.216225 1
43.583225 1
43.950224 1
44.317224 0
44.684223 0
45.051222 0
45.418222 2
45.785221 0
46.152221 0
46.519220 0
46.886219 0
47.253219 1
median Throughput : 1.59757 KB/s   overall Throughput : 1.57909 KB/s

