UDP Ping trying to connect to server webdev.dibris.unige.it (130.251.61.30) on TCP port 1491
 ... connected to Pong server: asking for 101 repetitions of 512 _bytes UDP messages
 ... Pong server agreed to ping-pong using port 62831 :-)
Round trip time was 43.886 milliseconds in repetition 1
Round trip time was 40.286 milliseconds in repetition 2
Round trip time was 42.696 milliseconds in repetition 3
Round trip time was 41.110 milliseconds in repetition 4
Round trip time was 41.545 milliseconds in repetition 5
Round trip time was 40.855 milliseconds in repetition 6
Round trip time was 41.459 milliseconds in repetition 7
Round trip time was 41.032 milliseconds in repetition 8
Round trip time was 47.696 milliseconds in repetition 9
Round trip time was 41.120 milliseconds in repetition 10
Round trip time was 41.105 milliseconds in repetition 11
Round trip time was 41.226 milliseconds in repetition 12
Round trip time was 53.248 milliseconds in repetition 13
Round trip time was 41.647 milliseconds in repetition 14
Round trip time was 41.956 milliseconds in repetition 15
Round trip time was 47.118 milliseconds in repetition 16
Round trip time was 42.125 milliseconds in repetition 17
Round trip time was 42.477 milliseconds in repetition 18
Round trip time was 41.237 milliseconds in repetition 19
Round trip time was 40.064 milliseconds in repetition 20
Round trip time was 41.957 milliseconds in repetition 21
Round trip time was 40.308 milliseconds in repetition 22
Round trip time was 40.471 milliseconds in repetition 23
Round trip time was 39.475 milliseconds in repetition 24
Round trip time was 40.043 milliseconds in repetition 25
Round trip time was 39.903 milliseconds in repetition 26
Round trip time was 39.946 milliseconds in repetition 27
Round trip time was 39.940 milliseconds in repetition 28
Round trip time was 39.935 milliseconds in repetition 29
Round trip time was 40.025 milliseconds in repetition 30
Round trip time was 42.414 milliseconds in repetition 31
Round trip time was 40.127 milliseconds in repetition 32
Round trip time was 40.377 milliseconds in repetition 33
Round trip time was 40.935 milliseconds in repetition 34
Round trip time was 39.973 milliseconds in repetition 35
Round trip time was 42.505 milliseconds in repetition 36
Round trip time was 39.834 milliseconds in repetition 37
Round trip time was 39.980 milliseconds in repetition 38
Round trip time was 40.059 milliseconds in repetition 39
Round trip time was 39.924 milliseconds in repetition 40
Round trip time was 40.038 milliseconds in repetition 41
Round trip time was 39.879 milliseconds in repetition 42
Round trip time was 40.077 milliseconds in repetition 43
Round trip time was 41.851 milliseconds in repetition 44
Round trip time was 40.624 milliseconds in repetition 45
Round trip time was 41.148 milliseconds in repetition 46
Round trip time was 40.044 milliseconds in repetition 47
Round trip time was 41.212 milliseconds in repetition 48
Round trip time was 40.478 milliseconds in repetition 49
Round trip time was 40.644 milliseconds in repetition 50
Round trip time was 39.995 milliseconds in repetition 51
Round trip time was 40.432 milliseconds in repetition 52
Round trip time was 40.910 milliseconds in repetition 53
Round trip time was 42.356 milliseconds in repetition 54
Round trip time was 41.100 milliseconds in repetition 55
Round trip time was 39.956 milliseconds in repetition 56
Round trip time was 41.304 milliseconds in repetition 57
Round trip time was 42.428 milliseconds in repetition 58
Round trip time was 41.337 milliseconds in repetition 59
Round trip time was 42.556 milliseconds in repetition 60
Round trip time was 39.815 milliseconds in repetition 61
Round trip time was 40.116 milliseconds in repetition 62
Round trip time was 41.166 milliseconds in repetition 63
Round trip time was 41.306 milliseconds in repetition 64
Round trip time was 39.813 milliseconds in repetition 65
Round trip time was 42.537 milliseconds in repetition 66
Round trip time was 39.833 milliseconds in repetition 67
Round trip time was 40.067 milliseconds in repetition 68
Round trip time was 50.465 milliseconds in repetition 69
Round trip time was 40.156 milliseconds in repetition 70
Round trip time was 42.490 milliseconds in repetition 71
Round trip time was 42.810 milliseconds in repetition 72
Round trip time was 39.869 milliseconds in repetition 73
Round trip time was 41.273 milliseconds in repetition 74
Round trip time was 42.366 milliseconds in repetition 75
Round trip time was 41.554 milliseconds in repetition 76
Round trip time was 40.965 milliseconds in repetition 77
Round trip time was 41.305 milliseconds in repetition 78
Round trip time was 42.067 milliseconds in repetition 79
Round trip time was 42.821 milliseconds in repetition 80
Round trip time was 45.444 milliseconds in repetition 81
Round trip time was 42.250 milliseconds in repetition 82
Round trip time was 41.482 milliseconds in repetition 83
Round trip time was 41.900 milliseconds in repetition 84
Round trip time was 41.273 milliseconds in repetition 85
Round trip time was 43.710 milliseconds in repetition 86
Round trip time was 44.929 milliseconds in repetition 87
Round trip time was 42.531 milliseconds in repetition 88
Round trip time was 40.001 milliseconds in repetition 89
Round trip time was 41.171 milliseconds in repetition 90
Round trip time was 41.269 milliseconds in repetition 91
Round trip time was 41.192 milliseconds in repetition 92
Round trip time was 40.012 milliseconds in repetition 93
Round trip time was 41.179 milliseconds in repetition 94
Round trip time was 41.229 milliseconds in repetition 95
Round trip time was 41.159 milliseconds in repetition 96
Round trip time was 40.076 milliseconds in repetition 97
Round trip time was 41.332 milliseconds in repetition 98
Round trip time was 39.924 milliseconds in repetition 99
Round trip time was 41.198 milliseconds in repetition 100
Round trip time was 41.176 milliseconds in repetition 101

 ... clock resolution was 1e-06
UDP Ping:  Statistics over 101 repetitions of 512 byte messages

RTT : percentile 10: 39.9349, median: 41.1657, percentile 90: 42.6957, average: 41.4616, variance: 4.2853

RTT histogram:
40.163849 3
40.852495 34
41.541141 18
42.229788 19
42.918434 16
43.607080 3
44.295727 2
44.984373 0
45.673019 1
46.361666 1
47.050312 0
47.738958 1
48.427604 1
49.116251 0
49.804897 0
50.493543 0
51.182190 1
51.870836 0
52.559482 0
53.248129 0
53.936775 1
median Throughput : 24.8751 KB/s   overall Throughput : 24.6976 KB/s

