UDP Ping trying to connect to server webdev.dibris.unige.it (130.251.61.30) on TCP port 1491
 ... connected to Pong server: asking for 101 repetitions of 2048 _bytes UDP messages
 ... Pong server agreed to ping-pong using port 62831 :-)
Round trip time was 44.794 milliseconds in repetition 1
Round trip time was 42.934 milliseconds in repetition 2
Round trip time was 45.244 milliseconds in repetition 3
Round trip time was 43.274 milliseconds in repetition 4
Round trip time was 42.436 milliseconds in repetition 5
Round trip time was 42.527 milliseconds in repetition 6
Round trip time was 43.472 milliseconds in repetition 7
Round trip time was 42.820 milliseconds in repetition 8
Round trip time was 43.459 milliseconds in repetition 9
Round trip time was 42.741 milliseconds in repetition 10
Round trip time was 45.006 milliseconds in repetition 11
Round trip time was 43.128 milliseconds in repetition 12
Round trip time was 45.586 milliseconds in repetition 13
Round trip time was 43.282 milliseconds in repetition 14
Round trip time was 48.238 milliseconds in repetition 15
Round trip time was 43.651 milliseconds in repetition 16
Round trip time was 45.876 milliseconds in repetition 17
Round trip time was 45.338 milliseconds in repetition 18
Round trip time was 44.806 milliseconds in repetition 19
Round trip time was 45.249 milliseconds in repetition 20
Round trip time was 42.909 milliseconds in repetition 21
Round trip time was 42.531 milliseconds in repetition 22
Round trip time was 41.571 milliseconds in repetition 23
Round trip time was 44.179 milliseconds in repetition 24
Round trip time was 43.346 milliseconds in repetition 25
Round trip time was 45.214 milliseconds in repetition 26
Round trip time was 43.945 milliseconds in repetition 27
Round trip time was 43.730 milliseconds in repetition 28
Round trip time was 43.400 milliseconds in repetition 29
Round trip time was 42.019 milliseconds in repetition 30
Round trip time was 46.583 milliseconds in repetition 31
Round trip time was 43.392 milliseconds in repetition 32
Round trip time was 46.101 milliseconds in repetition 33
Round trip time was 45.813 milliseconds in repetition 34
Round trip time was 48.009 milliseconds in repetition 35
Round trip time was 52.004 milliseconds in repetition 36
Round trip time was 44.529 milliseconds in repetition 37
Round trip time was 41.252 milliseconds in repetition 38
Round trip time was 42.577 milliseconds in repetition 39
Round trip time was 41.178 milliseconds in repetition 40
Round trip time was 45.000 milliseconds in repetition 41
Round trip time was 42.434 milliseconds in repetition 42
Round trip time was 42.397 milliseconds in repetition 43
Round trip time was 45.634 milliseconds in repetition 44
Round trip time was 43.228 milliseconds in repetition 45
Round trip time was 43.723 milliseconds in repetition 46
Round trip time was 48.206 milliseconds in repetition 47
Round trip time was 42.790 milliseconds in repetition 48
Round trip time was 43.834 milliseconds in repetition 49
Round trip time was 41.289 milliseconds in repetition 50
Round trip time was 43.423 milliseconds in repetition 51
Round trip time was 46.163 milliseconds in repetition 52
Round trip time was 42.782 milliseconds in repetition 53
Round trip time was 47.000 milliseconds in repetition 54
Round trip time was 41.675 milliseconds in repetition 55
Round trip time was 42.636 milliseconds in repetition 56
Round trip time was 42.425 milliseconds in repetition 57
Round trip time was 45.584 milliseconds in repetition 58
Round trip time was 42.856 milliseconds in repetition 59
Round trip time was 43.104 milliseconds in repetition 60
Round trip time was 53.301 milliseconds in repetition 61
Round trip time was 42.265 milliseconds in repetition 62
Round trip time was 44.029 milliseconds in repetition 63
Round trip time was 43.785 milliseconds in repetition 64
Round trip time was 42.748 milliseconds in repetition 65
Round trip time was 42.835 milliseconds in repetition 66
Round trip time was 47.641 milliseconds in repetition 67
Round trip time was 49.319 milliseconds in repetition 68
Round trip time was 41.853 milliseconds in repetition 69
Round trip time was 41.137 milliseconds in repetition 70
Round trip time was 41.695 milliseconds in repetition 71
Round trip time was 43.473 milliseconds in repetition 72
Round trip time was 43.155 milliseconds in repetition 73
Round trip time was 42.489 milliseconds in repetition 74
Round trip time was 48.118 milliseconds in repetition 75
Round trip time was 43.255 milliseconds in repetition 76
Round trip time was 46.637 milliseconds in repetition 77
Round trip time was 43.528 milliseconds in repetition 78
Round trip time was 50.498 milliseconds in repetition 79
Round trip time was 45.054 milliseconds in repetition 80
Round trip time was 42.662 milliseconds in repetition 81
Round trip time was 50.341 milliseconds in repetition 82
Round trip time was 41.288 milliseconds in repetition 83
Round trip time was 46.890 milliseconds in repetition 84
Round trip time was 41.839 milliseconds in repetition 85
Round trip time was 41.534 milliseconds in repetition 86
Round trip time was 43.114 milliseconds in repetition 87
Round trip time was 43.924 milliseconds in repetition 88
Round trip time was 44.086 milliseconds in repetition 89
Round trip time was 43.550 milliseconds in repetition 90
Round trip time was 46.803 milliseconds in repetition 91
Round trip time was 45.277 milliseconds in repetition 92
Round trip time was 42.421 milliseconds in repetition 93
Round trip time was 43.181 milliseconds in repetition 94
Round trip time was 45.861 milliseconds in repetition 95
Round trip time was 47.701 milliseconds in repetition 96
Round trip time was 41.496 milliseconds in repetition 97
Round trip time was 42.923 milliseconds in repetition 98
Round trip time was 55.422 milliseconds in repetition 99
Round trip time was 43.452 milliseconds in repetition 100
Round trip time was 41.430 milliseconds in repetition 101

 ... clock resolution was 1e-06
UDP Ping:  Statistics over 101 repetitions of 2048 byte messages

RTT : percentile 10: 41.6953, median: 43.4588, percentile 90: 47.701, average: 44.3202, variance: 6.93583

RTT histogram:
41.851155 6
42.565387 8
43.279619 20
43.993852 21
44.708084 10
45.422316 6
46.136549 8
46.850781 5
47.565013 5
48.279246 2
48.993478 4
49.707710 1
50.421942 0
51.136175 2
51.850407 0
52.564639 1
53.278872 0
53.993104 1
54.707336 0
55.421568 0
56.135801 1
median Throughput : 94.2502 KB/s   overall Throughput : 92.4184 KB/s

