UDP Ping trying to connect to server webdev.dibris.unige.it (130.251.61.30) on TCP port 1491
 ... connected to Pong server: asking for 101 repetitions of 96 _bytes UDP messages
 ... Pong server agreed to ping-pong using port 62831 :-)
Round trip time was 40.676 milliseconds in repetition 1
Round trip time was 37.804 milliseconds in repetition 2
Round trip time was 39.413 milliseconds in repetition 3
Round trip time was 37.577 milliseconds in repetition 4
Round trip time was 37.301 milliseconds in repetition 5
Round trip time was 38.866 milliseconds in repetition 6
Round trip time was 38.608 milliseconds in repetition 7
Round trip time was 41.956 milliseconds in repetition 8
Round trip time was 38.302 milliseconds in repetition 9
Round trip time was 38.604 milliseconds in repetition 10
Round trip time was 39.057 milliseconds in repetition 11
Round trip time was 39.603 milliseconds in repetition 12
Round trip time was 37.340 milliseconds in repetition 13
Round trip time was 37.420 milliseconds in repetition 14
Round trip time was 37.606 milliseconds in repetition 15
Round trip time was 37.525 milliseconds in repetition 16
Round trip time was 38.883 milliseconds in repetition 17
Round trip time was 37.276 milliseconds in repetition 18
Round trip time was 37.490 milliseconds in repetition 19
Round trip time was 37.346 milliseconds in repetition 20
Round trip time was 37.562 milliseconds in repetition 21
Round trip time was 37.436 milliseconds in repetition 22
Round trip time was 37.514 milliseconds in repetition 23
Round trip time was 39.361 milliseconds in repetition 24
Round trip time was 38.104 milliseconds in repetition 25
Round trip time was 37.604 milliseconds in repetition 26
Round trip time was 37.434 milliseconds in repetition 27
Round trip time was 37.544 milliseconds in repetition 28
Round trip time was 40.603 milliseconds in repetition 29
Round trip time was 38.100 milliseconds in repetition 30
Round trip time was 37.520 milliseconds in repetition 31
Round trip time was 37.395 milliseconds in repetition 32
Round trip time was 38.846 milliseconds in repetition 33
Round trip time was 38.168 milliseconds in repetition 34
Round trip time was 36.613 milliseconds in repetition 35
Round trip time was 37.597 milliseconds in repetition 36
Round trip time was 38.734 milliseconds in repetition 37
Round trip time was 41.182 milliseconds in repetition 38
Round trip time was 38.376 milliseconds in repetition 39
Round trip time was 37.580 milliseconds in repetition 40
Round trip time was 37.660 milliseconds in repetition 41
Round trip time was 38.837 milliseconds in repetition 42
Round trip time was 37.355 milliseconds in repetition 43
Round trip time was 37.544 milliseconds in repetition 44
Round trip time was 38.294 milliseconds in repetition 45
Round trip time was 37.927 milliseconds in repetition 46
Round trip time was 37.427 milliseconds in repetition 47
Round trip time was 38.688 milliseconds in repetition 48
Round trip time was 37.472 milliseconds in repetition 49
Round trip time was 37.676 milliseconds in repetition 50
Round trip time was 37.396 milliseconds in repetition 51
Round trip time was 39.817 milliseconds in repetition 52
Round trip time was 36.338 milliseconds in repetition 53
Round trip time was 36.104 milliseconds in repetition 54
Round trip time was 37.675 milliseconds in repetition 55
Round trip time was 37.261 milliseconds in repetition 56
Round trip time was 38.340 milliseconds in repetition 57
Round trip time was 36.586 milliseconds in repetition 58
Round trip time was 36.523 milliseconds in repetition 59
Round trip time was 35.839 milliseconds in repetition 60
Round trip time was 37.922 milliseconds in repetition 61
Round trip time was 37.042 milliseconds in repetition 62
Round trip time was 37.460 milliseconds in repetition 63
Round trip time was 37.549 milliseconds in repetition 64
Round trip time was 38.430 milliseconds in repetition 65
Round trip time was 48.067 milliseconds in repetition 66
Round trip time was 44.690 milliseconds in repetition 67
Round trip time was 41.345 milliseconds in repetition 68
Round trip time was 38.256 milliseconds in repetition 69
Round trip time was 37.173 milliseconds in repetition 70
Round trip time was 37.327 milliseconds in repetition 71
Round trip time was 36.207 milliseconds in repetition 72
Round trip time was 38.713 milliseconds in repetition 73
Round trip time was 37.369 milliseconds in repetition 74
Round trip time was 37.437 milliseconds in repetition 75
Round trip time was 36.461 milliseconds in repetition 76
Round trip time was 37.376 milliseconds in repetition 77
Round trip time was 36.486 milliseconds in repetition 78
Round trip time was 36.239 milliseconds in repetition 79
Round trip time was 37.208 milliseconds in repetition 80
Round trip time was 38.946 milliseconds in repetition 81
Round trip time was 37.211 milliseconds in repetition 82
Round trip time was 38.763 milliseconds in repetition 83
Round trip time was 38.796 milliseconds in repetition 84
Round trip time was 39.409 milliseconds in repetition 85
Round trip time was 39.249 milliseconds in repetition 86
Round trip time was 37.297 milliseconds in repetition 87
Round trip time was 36.860 milliseconds in repetition 88
Round trip time was 40.822 milliseconds in repetition 89
Round trip time was 37.457 milliseconds in repetition 90
Round trip time was 37.425 milliseconds in repetition 91
Round trip time was 38.804 milliseconds in repetition 92
Round trip time was 42.206 milliseconds in repetition 93
Round trip time was 36.443 milliseconds in repetition 94
Round trip time was 38.104 milliseconds in repetition 95
Round trip time was 40.408 milliseconds in repetition 96
Round trip time was 37.669 milliseconds in repetition 97
Round trip time was 38.859 milliseconds in repetition 98
Round trip time was 40.512 milliseconds in repetition 99
Round trip time was 36.825 milliseconds in repetition 100
Round trip time was 37.999 milliseconds in repetition 101

 ... clock resolution was 1e-06
UDP Ping:  Statistics over 101 repetitions of 96 byte messages

RTT : percentile 10: 36.6127, median: 37.6061, percentile 90: 40.4078, average: 38.2327, variance: 3.00374

RTT histogram:
36.450257 2
37.061666 9
37.673076 14
38.284485 33
38.895894 11
39.507304 15
40.118713 5
40.730122 2
41.341532 4
41.952941 2
42.564350 2
43.175760 0
43.787169 0
44.398578 0
45.009988 1
45.621397 0
46.232806 0
46.844216 0
47.455625 0
48.067035 0
48.678444 1
median Throughput : 5.10555 KB/s   overall Throughput : 5.02188 KB/s

