UDP Ping trying to connect to server webdev.dibris.unige.it (130.251.61.30) on TCP port 1491
 ... connected to Pong server: asking for 101 repetitions of 1536 _bytes UDP messages
 ... Pong server agreed to ping-pong using port 62831 :-)
Round trip time was 45.187 milliseconds in repetition 1
Round trip time was 44.847 milliseconds in repetition 2
Round trip time was 43.285 milliseconds in repetition 3
Round trip time was 42.499 milliseconds in repetition 4
Round trip time was 43.478 milliseconds in repetition 5
Round trip time was 45.294 milliseconds in repetition 6
Round trip time was 43.079 milliseconds in repetition 7
Round trip time was 42.550 milliseconds in repetition 8
Round trip time was 43.455 milliseconds in repetition 9
Round trip time was 43.295 milliseconds in repetition 10
Round trip time was 46.319 milliseconds in repetition 11
Round trip time was 43.728 milliseconds in repetition 12
Round trip time was 42.798 milliseconds in repetition 13
Round trip time was 44.726 milliseconds in repetition 14
Round trip time was 43.870 milliseconds in repetition 15
Round trip time was 46.568 milliseconds in repetition 16
Round trip time was 43.664 milliseconds in repetition 17
Round trip time was 44.950 milliseconds in repetition 18
Round trip time was 43.092 milliseconds in repetition 19
Round trip time was 41.417 milliseconds in repetition 20
Round trip time was 41.543 milliseconds in repetition 21
Round trip time was 43.345 milliseconds in repetition 22
Round trip time was 45.238 milliseconds in repetition 23
Round trip time was 43.013 milliseconds in repetition 24
Round trip time was 42.343 milliseconds in repetition 25
Round trip time was 44.274 milliseconds in repetition 26
Round trip time was 43.593 milliseconds in repetition 27
Round trip time was 44.005 milliseconds in repetition 28
Round trip time was 43.700 milliseconds in repetition 29
Round trip time was 43.721 milliseconds in repetition 30
Round trip time was 41.649 milliseconds in repetition 31
Round trip time was 42.457 milliseconds in repetition 32
Round trip time was 45.609 milliseconds in repetition 33
Round trip time was 48.956 milliseconds in repetition 34
Round trip time was 42.830 milliseconds in repetition 35
Round trip time was 42.791 milliseconds in repetition 36
Round trip time was 45.122 milliseconds in repetition 37
Round trip time was 50.419 milliseconds in repetition 38
Round trip time was 41.856 milliseconds in repetition 39
Round trip time was 41.468 milliseconds in repetition 40
Round trip time was 42.499 milliseconds in repetition 41
Round trip time was 41.765 milliseconds in repetition 42
Round trip time was 42.834 milliseconds in repetition 43
Round trip time was 43.364 milliseconds in repetition 44
Round trip time was 45.270 milliseconds in repetition 45
Round trip time was 44.733 milliseconds in repetition 46
Round trip time was 42.569 milliseconds in repetition 47
Round trip time was 45.393 milliseconds in repetition 48
Round trip time was 41.444 milliseconds in repetition 49
Round trip time was 42.339 milliseconds in repetition 50
Round trip time was 41.728 milliseconds in repetition 51
Round trip time was 42.253 milliseconds in repetition 52
Round trip time was 45.581 milliseconds in repetition 53
Round trip time was 45.630 milliseconds in repetition 54
Round trip time was 45.224 milliseconds in repetition 55
Round trip time was 43.037 milliseconds in repetition 56
Round trip time was 44.376 milliseconds in repetition 57
Round trip time was 42.970 milliseconds in repetition 58
Round trip time was 42.149 milliseconds in repetition 59
Round trip time was 43.813 milliseconds in repetition 60
Round trip time was 45.432 milliseconds in repetition 61
Round trip time was 40.771 milliseconds in repetition 62
Round trip time was 46.787 milliseconds in repetition 63
Round trip time was 55.968 milliseconds in repetition 64
Round trip time was 45.576 milliseconds in repetition 65
Round trip time was 66.773 milliseconds in repetition 66
Round trip time was 42.438 milliseconds in repetition 67
Round trip time was 45.657 milliseconds in repetition 68
Round trip time was 41.396 milliseconds in repetition 69
Round trip time was 41.948 milliseconds in repetition 70
Round trip time was 45.228 milliseconds in repetition 71
Round trip time was 41.952 milliseconds in repetition 72
Round trip time was 40.526 milliseconds in repetition 73
Round trip time was 42.152 milliseconds in repetition 74
Round trip time was 41.747 milliseconds in repetition 75
Round trip time was 41.334 milliseconds in repetition 76
Round trip time was 41.202 milliseconds in repetition 77
Round trip time was 41.815 milliseconds in repetition 78
Round trip time was 40.832 milliseconds in repetition 79
Round trip time was 40.827 milliseconds in repetition 80
Round trip time was 40.859 milliseconds in repetition 81
Round trip time was 41.180 milliseconds in repetition 82
Round trip time was 45.625 milliseconds in repetition 83
Round trip time was 42.726 milliseconds in repetition 84
Round trip time was 40.954 milliseconds in repetition 85
Round trip time was 40.211 milliseconds in repetition 86
Round trip time was 41.069 milliseconds in repetition 87
Round trip time was 41.646 milliseconds in repetition 88
Round trip time was 40.557 milliseconds in repetition 89
Round trip time was 41.255 milliseconds in repetition 90
Round trip time was 41.146 milliseconds in repetition 91
Round trip time was 41.200 milliseconds in repetition 92
Round trip time was 44.274 milliseconds in repetition 93
Round trip time was 42.208 milliseconds in repetition 94
Round trip time was 41.838 milliseconds in repetition 95
Round trip time was 41.003 milliseconds in repetition 96
Round trip time was 41.232 milliseconds in repetition 97
Round trip time was 41.107 milliseconds in repetition 98
Round trip time was 41.465 milliseconds in repetition 99
Round trip time was 44.805 milliseconds in repetition 100
Round trip time was 42.312 milliseconds in repetition 101

 ... clock resolution was 1e-06
UDP Ping:  Statistics over 101 repetitions of 1536 byte messages

RTT : percentile 10: 41.107, median: 42.8303, percentile 90: 45.6091, average: 43.5053, variance: 10.6176

RTT histogram:
41.538998 7
42.867101 29
44.195203 27
45.523306 15
46.851408 16
48.179511 3
49.507613 0
50.835716 1
52.163818 1
53.491921 0
54.820023 0
56.148126 0
57.476228 1
58.804331 0
60.132433 0
61.460536 0
62.788638 0
64.116741 0
65.444843 0
66.772946 0
68.101048 1
median Throughput : 71.7249 KB/s   overall Throughput : 70.612 KB/s

