UDP Ping trying to connect to server webdev.dibris.unige.it (130.251.61.30) on TCP port 1491
 ... connected to Pong server: asking for 101 repetitions of 16384 _bytes UDP messages
 ... Pong server agreed to ping-pong using port 62831 :-)
Round trip time was 64.665 milliseconds in repetition 1
Round trip time was 61.750 milliseconds in repetition 2
Round trip time was 65.258 milliseconds in repetition 3
Round trip time was 60.372 milliseconds in repetition 4
Round trip time was 61.688 milliseconds in repetition 5
Round trip time was 59.059 milliseconds in repetition 6
Round trip time was 59.222 milliseconds in repetition 7
Round trip time was 76.633 milliseconds in repetition 8
Round trip time was 60.858 milliseconds in repetition 9
Round trip time was 59.249 milliseconds in repetition 10
Round trip time was 60.419 milliseconds in repetition 11
Round trip time was 74.435 milliseconds in repetition 12
Round trip time was 60.155 milliseconds in repetition 13
Round trip time was 59.756 milliseconds in repetition 14
Round trip time was 59.573 milliseconds in repetition 15
Round trip time was 59.742 milliseconds in repetition 16
Round trip time was 64.215 milliseconds in repetition 17
Round trip time was 60.168 milliseconds in repetition 18
Round trip time was 62.512 milliseconds in repetition 19
Round trip time was 57.461 milliseconds in repetition 20
Round trip time was 57.341 milliseconds in repetition 21
Round trip time was 58.242 milliseconds in repetition 22
Round trip time was 54.539 milliseconds in repetition 23
Round trip time was 56.777 milliseconds in repetition 24
Round trip time was 54.697 milliseconds in repetition 25
Round trip time was 55.425 milliseconds in repetition 26
Round trip time was 57.333 milliseconds in repetition 27
Round trip time was 57.647 milliseconds in repetition 28
Round trip time was 57.083 milliseconds in repetition 29
Round trip time was 56.511 milliseconds in repetition 30
Round trip time was 56.942 milliseconds in repetition 31
Round trip time was 55.491 milliseconds in repetition 32
Round trip time was 60.705 milliseconds in repetition 33
Round trip time was 57.392 milliseconds in repetition 34
Round trip time was 56.549 milliseconds in repetition 35
Round trip time was 71.233 milliseconds in repetition 36
Round trip time was 58.660 milliseconds in repetition 37
Round trip time was 57.965 milliseconds in repetition 38
Round trip time was 57.160 milliseconds in repetition 39
Round trip time was 56.752 milliseconds in repetition 40
Round trip time was 55.340 milliseconds in repetition 41
Round trip time was 58.987 milliseconds in repetition 42
Round trip time was 58.726 milliseconds in repetition 43
Round trip time was 59.415 milliseconds in repetition 44
Round trip time was 56.166 milliseconds in repetition 45
Round trip time was 60.370 milliseconds in repetition 46
Round trip time was 55.256 milliseconds in repetition 47
Round trip time was 55.130 milliseconds in repetition 48
Round trip time was 55.879 milliseconds in repetition 49
Round trip time was 59.098 milliseconds in repetition 50
Round trip time was 57.355 milliseconds in repetition 51
Round trip time was 55.751 milliseconds in repetition 52
Round trip time was 56.200 milliseconds in repetition 53
Round trip time was 55.870 milliseconds in repetition 54
Round trip time was 60.154 milliseconds in repetition 55
Round trip time was 56.016 milliseconds in repetition 56
Round trip time was 62.385 milliseconds in repetition 57
Round trip time was 73.207 milliseconds in repetition 58
Round trip time was 62.174 milliseconds in repetition 59
Round trip time was 57.034 milliseconds in repetition 60
Round trip time was 55.460 milliseconds in repetition 61
Round trip time was 55.174 milliseconds in repetition 62
Round trip time was 59.836 milliseconds in repetition 63
Round trip time was 82.498 milliseconds in repetition 64
Round trip time was 56.807 milliseconds in repetition 65
Round trip time was 56.093 milliseconds in repetition 66
Round trip time was 57.965 milliseconds in repetition 67
Round trip time was 55.226 milliseconds in repetition 68
Round trip time was 55.635 milliseconds in repetition 69
Round trip time was 55.937 milliseconds in repetition 70
Round trip time was 56.534 milliseconds in repetition 71
Round trip time was 59.508 milliseconds in repetition 72
Round trip time was 57.475 milliseconds in repetition 73
Round trip time was 56.332 milliseconds in repetition 74
Round trip time was 56.378 milliseconds in repetition 75
Round trip time was 58.042 milliseconds in repetition 76
Round trip time was 54.809 milliseconds in repetition 77
Round trip time was 55.846 milliseconds in repetition 78
Round trip time was 55.373 milliseconds in repetition 79
Round trip time was 55.713 milliseconds in repetition 80
Round trip time was 55.476 milliseconds in repetition 81
Round trip time was 54.735 milliseconds in repetition 82
Round trip time was 56.624 milliseconds in repetition 83
Round trip time was 54.435 milliseconds in repetition 84
Round trip time was 57.857 milliseconds in repetition 85
Round trip time was 58.217 milliseconds in repetition 86
Round trip time was 63.851 milliseconds in repetition 87
Round trip time was 57.084 milliseconds in repetition 88
Round trip time was 59.332 milliseconds in repetition 89
Round trip time was 57.883 milliseconds in repetition 90
Round trip time was 56.377 milliseconds in repetition 91
Round trip time was 55.400 milliseconds in repetition 92
Round trip time was 57.554 milliseconds in repetition 93
Round trip time was 56.032 milliseconds in repetition 94
Round trip time was 58.708 milliseconds in repetition 95
Round trip time was 57.381 milliseconds in repetition 96
Round trip time was 55.760 milliseconds in repetition 97
Round trip time was 57.334 milliseconds in repetition 98
Round trip time was 57.031 milliseconds in repetition 99
Round trip time was 56.213 milliseconds in repetition 100
Round trip time was 56.345 milliseconds in repetition 101

 ... clock resolution was 1e-06
UDP Ping:  Statistics over 101 repetitions of 16384 byte messages

RTT : percentile 10: 55.3732, median: 57.3546, percentile 90: 62.3853, average: 58.6971, variance: 21.2872

RTT histogram:
55.838236 6
57.241374 30
58.644512 23
60.047650 14
61.450788 13
62.853926 3
64.257065 3
65.660203 3
67.063341 1
68.466479 0
69.869617 0
71.272755 0
72.675893 1
74.079032 1
75.482170 1
76.885308 0
78.288446 1
79.691584 0
81.094722 0
82.497861 0
83.900999 1
median Throughput : 571.323 KB/s   overall Throughput : 558.255 KB/s

